{"/home/mcampbell/Springboard/Capstone_2/trading-post/backend/config.js": {"path":"/home/mcampbell/Springboard/Capstone_2/trading-post/backend/config.js","statementMap":{"0":{"start":{"line":5,"column":0},"end":{"line":5,"column":27}},"1":{"start":{"line":6,"column":0},"end":{"line":6,"column":18}},"2":{"start":{"line":8,"column":19},"end":{"line":8,"column":57}},"3":{"start":{"line":10,"column":13},"end":{"line":10,"column":38}},"4":{"start":{"line":14,"column":2},"end":{"line":16,"column":139}},"5":{"start":{"line":20,"column":27},"end":{"line":20,"column":67}},"6":{"start":{"line":22,"column":0},"end":{"line":22,"column":42}},"7":{"start":{"line":23,"column":0},"end":{"line":23,"column":63}},"8":{"start":{"line":24,"column":0},"end":{"line":24,"column":63}},"9":{"start":{"line":25,"column":0},"end":{"line":25,"column":55}},"10":{"start":{"line":26,"column":0},"end":{"line":26,"column":46}},"11":{"start":{"line":27,"column":0},"end":{"line":27,"column":45}},"12":{"start":{"line":28,"column":0},"end":{"line":28,"column":61}},"13":{"start":{"line":29,"column":0},"end":{"line":29,"column":50}},"14":{"start":{"line":30,"column":0},"end":{"line":30,"column":19}},"15":{"start":{"line":32,"column":0},"end":{"line":37,"column":2}}},"fnMap":{"0":{"name":"getDatabaseUri","decl":{"start":{"line":13,"column":9},"end":{"line":13,"column":23}},"loc":{"start":{"line":13,"column":26},"end":{"line":17,"column":1}},"line":13}},"branchMap":{"0":{"loc":{"start":{"line":8,"column":19},"end":{"line":8,"column":57}},"type":"binary-expr","locations":[{"start":{"line":8,"column":19},"end":{"line":8,"column":41}},{"start":{"line":8,"column":45},"end":{"line":8,"column":57}}],"line":8},"1":{"loc":{"start":{"line":10,"column":13},"end":{"line":10,"column":38}},"type":"binary-expr","locations":[{"start":{"line":10,"column":13},"end":{"line":10,"column":30}},{"start":{"line":10,"column":34},"end":{"line":10,"column":38}}],"line":10},"2":{"loc":{"start":{"line":14,"column":9},"end":{"line":16,"column":138}},"type":"cond-expr","locations":[{"start":{"line":15,"column":6},"end":{"line":15,"column":115}},{"start":{"line":16,"column":6},"end":{"line":16,"column":138}}],"line":14},"3":{"loc":{"start":{"line":16,"column":6},"end":{"line":16,"column":138}},"type":"binary-expr","locations":[{"start":{"line":16,"column":6},"end":{"line":16,"column":30}},{"start":{"line":16,"column":34},"end":{"line":16,"column":138}}],"line":16},"4":{"loc":{"start":{"line":20,"column":27},"end":{"line":20,"column":67}},"type":"cond-expr","locations":[{"start":{"line":20,"column":61},"end":{"line":20,"column":62}},{"start":{"line":20,"column":65},"end":{"line":20,"column":67}}],"line":20}},"s":{"0":1,"1":1,"2":1,"3":1,"4":2,"5":1,"6":1,"7":1,"8":1,"9":1,"10":1,"11":1,"12":1,"13":1,"14":1,"15":1},"f":{"0":2},"b":{"0":[1,1],"1":[1,1],"2":[2,0],"3":[0,0],"4":[1,0]},"_coverageSchema":"1a1c01bbd47fc00a2c39e90264f33305004495a9","hash":"677f681fd8628f0bd275203fcb5b2bb4afb1642d"}
,"/home/mcampbell/Springboard/Capstone_2/trading-post/backend/db.js": {"path":"/home/mcampbell/Springboard/Capstone_2/trading-post/backend/db.js","statementMap":{"0":{"start":{"line":3,"column":19},"end":{"line":3,"column":32}},"1":{"start":{"line":4,"column":27},"end":{"line":4,"column":46}},"2":{"start":{"line":8,"column":0},"end":{"line":19,"column":1}},"3":{"start":{"line":9,"column":2},"end":{"line":14,"column":5}},"4":{"start":{"line":16,"column":2},"end":{"line":18,"column":5}},"5":{"start":{"line":21,"column":0},"end":{"line":21,"column":13}},"6":{"start":{"line":23,"column":0},"end":{"line":23,"column":20}}},"fnMap":{},"branchMap":{"0":{"loc":{"start":{"line":8,"column":0},"end":{"line":19,"column":1}},"type":"if","locations":[{"start":{"line":8,"column":0},"end":{"line":19,"column":1}},{"start":{"line":15,"column":7},"end":{"line":19,"column":1}}],"line":8}},"s":{"0":1,"1":1,"2":1,"3":0,"4":1,"5":1,"6":1},"f":{},"b":{"0":[0,1]},"_coverageSchema":"1a1c01bbd47fc00a2c39e90264f33305004495a9","hash":"21b5e5191a82ac9b1659af51797c20da738f3ed9"}
,"/home/mcampbell/Springboard/Capstone_2/trading-post/backend/expressError.js": {"path":"/home/mcampbell/Springboard/Capstone_2/trading-post/backend/expressError.js","statementMap":{"0":{"start":{"line":9,"column":4},"end":{"line":9,"column":12}},"1":{"start":{"line":10,"column":4},"end":{"line":10,"column":27}},"2":{"start":{"line":11,"column":4},"end":{"line":11,"column":25}},"3":{"start":{"line":19,"column":4},"end":{"line":19,"column":24}},"4":{"start":{"line":27,"column":4},"end":{"line":27,"column":24}},"5":{"start":{"line":35,"column":4},"end":{"line":35,"column":24}},"6":{"start":{"line":43,"column":4},"end":{"line":43,"column":24}},"7":{"start":{"line":47,"column":0},"end":{"line":53,"column":2}}},"fnMap":{"0":{"name":"(anonymous_0)","decl":{"start":{"line":8,"column":2},"end":{"line":8,"column":3}},"loc":{"start":{"line":8,"column":31},"end":{"line":12,"column":3}},"line":8},"1":{"name":"(anonymous_1)","decl":{"start":{"line":18,"column":2},"end":{"line":18,"column":3}},"loc":{"start":{"line":18,"column":37},"end":{"line":20,"column":3}},"line":18},"2":{"name":"(anonymous_2)","decl":{"start":{"line":26,"column":2},"end":{"line":26,"column":3}},"loc":{"start":{"line":26,"column":40},"end":{"line":28,"column":3}},"line":26},"3":{"name":"(anonymous_3)","decl":{"start":{"line":34,"column":2},"end":{"line":34,"column":3}},"loc":{"start":{"line":34,"column":39},"end":{"line":36,"column":3}},"line":34},"4":{"name":"(anonymous_4)","decl":{"start":{"line":42,"column":2},"end":{"line":42,"column":3}},"loc":{"start":{"line":42,"column":39},"end":{"line":44,"column":3}},"line":42}},"branchMap":{"0":{"loc":{"start":{"line":18,"column":14},"end":{"line":18,"column":35}},"type":"default-arg","locations":[{"start":{"line":18,"column":24},"end":{"line":18,"column":35}}],"line":18},"1":{"loc":{"start":{"line":26,"column":14},"end":{"line":26,"column":38}},"type":"default-arg","locations":[{"start":{"line":26,"column":24},"end":{"line":26,"column":38}}],"line":26},"2":{"loc":{"start":{"line":34,"column":14},"end":{"line":34,"column":37}},"type":"default-arg","locations":[{"start":{"line":34,"column":24},"end":{"line":34,"column":37}}],"line":34},"3":{"loc":{"start":{"line":42,"column":14},"end":{"line":42,"column":37}},"type":"default-arg","locations":[{"start":{"line":42,"column":24},"end":{"line":42,"column":37}}],"line":42}},"s":{"0":7,"1":7,"2":7,"3":5,"4":0,"5":2,"6":0,"7":1},"f":{"0":7,"1":5,"2":0,"3":2,"4":0},"b":{"0":[0],"1":[0],"2":[0],"3":[0]},"_coverageSchema":"1a1c01bbd47fc00a2c39e90264f33305004495a9","hash":"68e5004c46f20deedd4fe536eac9b46a50fe7791"}
,"/home/mcampbell/Springboard/Capstone_2/trading-post/backend/helpers/sql.js": {"path":"/home/mcampbell/Springboard/Capstone_2/trading-post/backend/helpers/sql.js","statementMap":{"0":{"start":{"line":1,"column":28},"end":{"line":1,"column":54}},"1":{"start":{"line":21,"column":15},"end":{"line":21,"column":40}},"2":{"start":{"line":22,"column":2},"end":{"line":22,"column":62}},"3":{"start":{"line":22,"column":25},"end":{"line":22,"column":62}},"4":{"start":{"line":25,"column":15},"end":{"line":27,"column":3}},"5":{"start":{"line":26,"column":6},"end":{"line":26,"column":52}},"6":{"start":{"line":29,"column":2},"end":{"line":32,"column":4}},"7":{"start":{"line":35,"column":0},"end":{"line":35,"column":41}}},"fnMap":{"0":{"name":"sqlForPartialUpdate","decl":{"start":{"line":20,"column":9},"end":{"line":20,"column":28}},"loc":{"start":{"line":20,"column":52},"end":{"line":33,"column":1}},"line":20},"1":{"name":"(anonymous_1)","decl":{"start":{"line":25,"column":24},"end":{"line":25,"column":25}},"loc":{"start":{"line":26,"column":6},"end":{"line":26,"column":52}},"line":26}},"branchMap":{"0":{"loc":{"start":{"line":22,"column":2},"end":{"line":22,"column":62}},"type":"if","locations":[{"start":{"line":22,"column":2},"end":{"line":22,"column":62}},{"start":{},"end":{}}],"line":22},"1":{"loc":{"start":{"line":26,"column":10},"end":{"line":26,"column":37}},"type":"binary-expr","locations":[{"start":{"line":26,"column":10},"end":{"line":26,"column":26}},{"start":{"line":26,"column":30},"end":{"line":26,"column":37}}],"line":26}},"s":{"0":1,"1":1,"2":1,"3":0,"4":1,"5":2,"6":1,"7":1},"f":{"0":1,"1":2},"b":{"0":[0,1],"1":[2,2]},"_coverageSchema":"1a1c01bbd47fc00a2c39e90264f33305004495a9","hash":"f3a1ac52988a59ce7f1e4051c52ada8c00a97493"}
,"/home/mcampbell/Springboard/Capstone_2/trading-post/backend/models/_testCommon.js": {"path":"/home/mcampbell/Springboard/Capstone_2/trading-post/backend/models/_testCommon.js","statementMap":{"0":{"start":{"line":1,"column":11},"end":{"line":1,"column":30}},"1":{"start":{"line":2,"column":15},"end":{"line":2,"column":32}},"2":{"start":{"line":3,"column":31},"end":{"line":3,"column":54}},"3":{"start":{"line":6,"column":20},"end":{"line":62,"column":1}},"4":{"start":{"line":7,"column":16},"end":{"line":34,"column":4}},"5":{"start":{"line":36,"column":17},"end":{"line":59,"column":3}},"6":{"start":{"line":61,"column":2},"end":{"line":61,"column":32}},"7":{"start":{"line":67,"column":2},"end":{"line":67,"column":31}},"8":{"start":{"line":68,"column":2},"end":{"line":68,"column":47}},"9":{"start":{"line":69,"column":2},"end":{"line":69,"column":38}},"10":{"start":{"line":70,"column":2},"end":{"line":70,"column":38}},"11":{"start":{"line":72,"column":20},"end":{"line":95,"column":3}},"12":{"start":{"line":97,"column":20},"end":{"line":120,"column":3}},"13":{"start":{"line":122,"column":2},"end":{"line":122,"column":30}},"14":{"start":{"line":123,"column":2},"end":{"line":123,"column":30}},"15":{"start":{"line":125,"column":2},"end":{"line":130,"column":4}},"16":{"start":{"line":132,"column":2},"end":{"line":137,"column":4}},"17":{"start":{"line":139,"column":2},"end":{"line":143,"column":8}},"18":{"start":{"line":147,"column":2},"end":{"line":147,"column":26}},"19":{"start":{"line":151,"column":2},"end":{"line":151,"column":29}},"20":{"start":{"line":155,"column":2},"end":{"line":155,"column":17}},"21":{"start":{"line":159,"column":0},"end":{"line":164,"column":2}}},"fnMap":{"0":{"name":"(anonymous_0)","decl":{"start":{"line":6,"column":20},"end":{"line":6,"column":21}},"loc":{"start":{"line":6,"column":41},"end":{"line":62,"column":1}},"line":6},"1":{"name":"commonBeforeAll","decl":{"start":{"line":65,"column":15},"end":{"line":65,"column":30}},"loc":{"start":{"line":65,"column":33},"end":{"line":144,"column":1}},"line":65},"2":{"name":"commonBeforeEach","decl":{"start":{"line":146,"column":15},"end":{"line":146,"column":31}},"loc":{"start":{"line":146,"column":34},"end":{"line":148,"column":1}},"line":146},"3":{"name":"commonAfterEach","decl":{"start":{"line":150,"column":15},"end":{"line":150,"column":30}},"loc":{"start":{"line":150,"column":33},"end":{"line":152,"column":1}},"line":150},"4":{"name":"commonAfterAll","decl":{"start":{"line":154,"column":15},"end":{"line":154,"column":29}},"loc":{"start":{"line":154,"column":32},"end":{"line":156,"column":1}},"line":154}},"branchMap":{},"s":{"0":1,"1":1,"2":1,"3":1,"4":2,"5":2,"6":2,"7":1,"8":1,"9":1,"10":1,"11":1,"12":1,"13":1,"14":1,"15":1,"16":1,"17":1,"18":13,"19":13,"20":1,"21":1},"f":{"0":2,"1":1,"2":13,"3":13,"4":1},"b":{},"_coverageSchema":"1a1c01bbd47fc00a2c39e90264f33305004495a9","hash":"0c0d13a096c077fa646025034cc6aec95fa96879"}
,"/home/mcampbell/Springboard/Capstone_2/trading-post/backend/models/cardCollection.js": {"path":"/home/mcampbell/Springboard/Capstone_2/trading-post/backend/models/cardCollection.js","statementMap":{"0":{"start":{"line":3,"column":11},"end":{"line":3,"column":27}},"1":{"start":{"line":4,"column":32},"end":{"line":4,"column":57}},"2":{"start":{"line":10,"column":4},"end":{"line":10,"column":30}},"3":{"start":{"line":22,"column":26},"end":{"line":22,"column":88}},"4":{"start":{"line":24,"column":8},"end":{"line":24,"column":77}},"5":{"start":{"line":24,"column":32},"end":{"line":24,"column":77}},"6":{"start":{"line":26,"column":22},"end":{"line":30,"column":20}},"7":{"start":{"line":32,"column":8},"end":{"line":32,"column":26}},"8":{"start":{"line":43,"column":26},"end":{"line":43,"column":88}},"9":{"start":{"line":45,"column":8},"end":{"line":45,"column":77}},"10":{"start":{"line":45,"column":32},"end":{"line":45,"column":77}},"11":{"start":{"line":47,"column":26},"end":{"line":47,"column":88}},"12":{"start":{"line":49,"column":8},"end":{"line":49,"column":74}},"13":{"start":{"line":49,"column":32},"end":{"line":49,"column":74}},"14":{"start":{"line":51,"column":23},"end":{"line":54,"column":79}},"15":{"start":{"line":56,"column":8},"end":{"line":56,"column":85}},"16":{"start":{"line":56,"column":35},"end":{"line":56,"column":85}},"17":{"start":{"line":58,"column":8},"end":{"line":58,"column":30}},"18":{"start":{"line":70,"column":26},"end":{"line":70,"column":88}},"19":{"start":{"line":72,"column":8},"end":{"line":72,"column":77}},"20":{"start":{"line":72,"column":32},"end":{"line":72,"column":77}},"21":{"start":{"line":74,"column":26},"end":{"line":74,"column":88}},"22":{"start":{"line":76,"column":8},"end":{"line":76,"column":74}},"23":{"start":{"line":76,"column":32},"end":{"line":76,"column":74}},"24":{"start":{"line":78,"column":8},"end":{"line":82,"column":65}},"25":{"start":{"line":84,"column":8},"end":{"line":84,"column":54}},"26":{"start":{"line":96,"column":8},"end":{"line":96,"column":74}},"27":{"start":{"line":96,"column":24},"end":{"line":96,"column":74}},"28":{"start":{"line":97,"column":8},"end":{"line":97,"column":74}},"29":{"start":{"line":97,"column":24},"end":{"line":97,"column":74}},"30":{"start":{"line":99,"column":26},"end":{"line":99,"column":88}},"31":{"start":{"line":100,"column":8},"end":{"line":100,"column":77}},"32":{"start":{"line":100,"column":32},"end":{"line":100,"column":77}},"33":{"start":{"line":102,"column":26},"end":{"line":102,"column":88}},"34":{"start":{"line":103,"column":8},"end":{"line":103,"column":74}},"35":{"start":{"line":103,"column":32},"end":{"line":103,"column":74}},"36":{"start":{"line":106,"column":36},"end":{"line":110,"column":14}},"37":{"start":{"line":111,"column":29},"end":{"line":111,"column":54}},"38":{"start":{"line":112,"column":29},"end":{"line":112,"column":54}},"39":{"start":{"line":114,"column":25},"end":{"line":117,"column":40}},"40":{"start":{"line":118,"column":23},"end":{"line":118,"column":76}},"41":{"start":{"line":120,"column":8},"end":{"line":120,"column":30}},"42":{"start":{"line":131,"column":8},"end":{"line":134,"column":63}},"43":{"start":{"line":136,"column":8},"end":{"line":136,"column":58}},"44":{"start":{"line":140,"column":0},"end":{"line":140,"column":32}}},"fnMap":{"0":{"name":"(anonymous_0)","decl":{"start":{"line":21,"column":4},"end":{"line":21,"column":5}},"loc":{"start":{"line":21,"column":39},"end":{"line":33,"column":5}},"line":21},"1":{"name":"(anonymous_1)","decl":{"start":{"line":42,"column":4},"end":{"line":42,"column":5}},"loc":{"start":{"line":42,"column":53},"end":{"line":59,"column":5}},"line":42},"2":{"name":"(anonymous_2)","decl":{"start":{"line":68,"column":4},"end":{"line":68,"column":5}},"loc":{"start":{"line":68,"column":92},"end":{"line":85,"column":5}},"line":68},"3":{"name":"(anonymous_3)","decl":{"start":{"line":95,"column":4},"end":{"line":95,"column":5}},"loc":{"start":{"line":95,"column":62},"end":{"line":121,"column":5}},"line":95},"4":{"name":"(anonymous_4)","decl":{"start":{"line":129,"column":4},"end":{"line":129,"column":5}},"loc":{"start":{"line":129,"column":62},"end":{"line":137,"column":5}},"line":129}},"branchMap":{"0":{"loc":{"start":{"line":24,"column":8},"end":{"line":24,"column":77}},"type":"if","locations":[{"start":{"line":24,"column":8},"end":{"line":24,"column":77}},{"start":{},"end":{}}],"line":24},"1":{"loc":{"start":{"line":45,"column":8},"end":{"line":45,"column":77}},"type":"if","locations":[{"start":{"line":45,"column":8},"end":{"line":45,"column":77}},{"start":{},"end":{}}],"line":45},"2":{"loc":{"start":{"line":49,"column":8},"end":{"line":49,"column":74}},"type":"if","locations":[{"start":{"line":49,"column":8},"end":{"line":49,"column":74}},{"start":{},"end":{}}],"line":49},"3":{"loc":{"start":{"line":56,"column":8},"end":{"line":56,"column":85}},"type":"if","locations":[{"start":{"line":56,"column":8},"end":{"line":56,"column":85}},{"start":{},"end":{}}],"line":56},"4":{"loc":{"start":{"line":72,"column":8},"end":{"line":72,"column":77}},"type":"if","locations":[{"start":{"line":72,"column":8},"end":{"line":72,"column":77}},{"start":{},"end":{}}],"line":72},"5":{"loc":{"start":{"line":76,"column":8},"end":{"line":76,"column":74}},"type":"if","locations":[{"start":{"line":76,"column":8},"end":{"line":76,"column":74}},{"start":{},"end":{}}],"line":76},"6":{"loc":{"start":{"line":96,"column":8},"end":{"line":96,"column":74}},"type":"if","locations":[{"start":{"line":96,"column":8},"end":{"line":96,"column":74}},{"start":{},"end":{}}],"line":96},"7":{"loc":{"start":{"line":97,"column":8},"end":{"line":97,"column":74}},"type":"if","locations":[{"start":{"line":97,"column":8},"end":{"line":97,"column":74}},{"start":{},"end":{}}],"line":97},"8":{"loc":{"start":{"line":100,"column":8},"end":{"line":100,"column":77}},"type":"if","locations":[{"start":{"line":100,"column":8},"end":{"line":100,"column":77}},{"start":{},"end":{}}],"line":100},"9":{"loc":{"start":{"line":103,"column":8},"end":{"line":103,"column":74}},"type":"if","locations":[{"start":{"line":103,"column":8},"end":{"line":103,"column":74}},{"start":{},"end":{}}],"line":103}},"s":{"0":1,"1":1,"2":1,"3":5,"4":5,"5":1,"6":4,"7":4,"8":2,"9":2,"10":0,"11":2,"12":2,"13":1,"14":1,"15":1,"16":0,"17":1,"18":2,"19":2,"20":1,"21":1,"22":1,"23":0,"24":1,"25":1,"26":5,"27":1,"28":4,"29":1,"30":3,"31":3,"32":2,"33":1,"34":1,"35":0,"36":1,"37":1,"38":1,"39":1,"40":1,"41":1,"42":1,"43":1,"44":1},"f":{"0":5,"1":2,"2":2,"3":5,"4":1},"b":{"0":[1,4],"1":[0,2],"2":[1,1],"3":[0,1],"4":[1,1],"5":[0,1],"6":[1,4],"7":[1,3],"8":[2,1],"9":[0,1]},"_coverageSchema":"1a1c01bbd47fc00a2c39e90264f33305004495a9","hash":"d7db8a235498fb75553f0759acfe2f41c5489c80"}
}
