{"/home/mcampbell/Springboard/Capstone_2/trading-post/backend/app.js": {"path":"/home/mcampbell/Springboard/Capstone_2/trading-post/backend/app.js","statementMap":{"0":{"start":{"line":5,"column":16},"end":{"line":5,"column":34}},"1":{"start":{"line":6,"column":13},"end":{"line":6,"column":28}},"2":{"start":{"line":8,"column":26},"end":{"line":8,"column":51}},"3":{"start":{"line":10,"column":20},"end":{"line":10,"column":45}},"4":{"start":{"line":11,"column":28},"end":{"line":11,"column":56}},"5":{"start":{"line":12,"column":19},"end":{"line":12,"column":43}},"6":{"start":{"line":13,"column":20},"end":{"line":13,"column":45}},"7":{"start":{"line":14,"column":25},"end":{"line":14,"column":59}},"8":{"start":{"line":15,"column":23},"end":{"line":15,"column":51}},"9":{"start":{"line":17,"column":15},"end":{"line":17,"column":32}},"10":{"start":{"line":19,"column":12},"end":{"line":19,"column":21}},"11":{"start":{"line":21,"column":0},"end":{"line":21,"column":16}},"12":{"start":{"line":22,"column":0},"end":{"line":22,"column":24}},"13":{"start":{"line":23,"column":0},"end":{"line":23,"column":24}},"14":{"start":{"line":24,"column":0},"end":{"line":24,"column":25}},"15":{"start":{"line":26,"column":0},"end":{"line":26,"column":31}},"16":{"start":{"line":27,"column":0},"end":{"line":27,"column":29}},"17":{"start":{"line":28,"column":0},"end":{"line":28,"column":31}},"18":{"start":{"line":29,"column":0},"end":{"line":29,"column":41}},"19":{"start":{"line":30,"column":0},"end":{"line":30,"column":38}},"20":{"start":{"line":34,"column":0},"end":{"line":37,"column":3}},"21":{"start":{"line":35,"column":4},"end":{"line":35,"column":30}},"22":{"start":{"line":36,"column":4},"end":{"line":36,"column":37}},"23":{"start":{"line":40,"column":0},"end":{"line":48,"column":3}},"24":{"start":{"line":41,"column":4},"end":{"line":41,"column":66}},"25":{"start":{"line":41,"column":41},"end":{"line":41,"column":66}},"26":{"start":{"line":42,"column":19},"end":{"line":42,"column":36}},"27":{"start":{"line":43,"column":20},"end":{"line":43,"column":31}},"28":{"start":{"line":45,"column":4},"end":{"line":47,"column":7}},"29":{"start":{"line":50,"column":0},"end":{"line":50,"column":21}}},"fnMap":{"0":{"name":"(anonymous_0)","decl":{"start":{"line":34,"column":8},"end":{"line":34,"column":9}},"loc":{"start":{"line":34,"column":34},"end":{"line":37,"column":1}},"line":34},"1":{"name":"(anonymous_1)","decl":{"start":{"line":40,"column":8},"end":{"line":40,"column":9}},"loc":{"start":{"line":40,"column":39},"end":{"line":48,"column":1}},"line":40}},"branchMap":{"0":{"loc":{"start":{"line":41,"column":4},"end":{"line":41,"column":66}},"type":"if","locations":[{"start":{"line":41,"column":4},"end":{"line":41,"column":66}},{"start":{},"end":{}}],"line":41},"1":{"loc":{"start":{"line":42,"column":19},"end":{"line":42,"column":36}},"type":"binary-expr","locations":[{"start":{"line":42,"column":19},"end":{"line":42,"column":29}},{"start":{"line":42,"column":33},"end":{"line":42,"column":36}}],"line":42}},"s":{"0":6,"1":6,"2":6,"3":6,"4":6,"5":6,"6":6,"7":6,"8":6,"9":6,"10":6,"11":6,"12":6,"13":6,"14":6,"15":6,"16":6,"17":6,"18":6,"19":6,"20":6,"21":2,"22":2,"23":6,"24":43,"25":1,"26":43,"27":43,"28":43,"29":6},"f":{"0":2,"1":43},"b":{"0":[1,42],"1":[43,0]},"_coverageSchema":"1a1c01bbd47fc00a2c39e90264f33305004495a9","hash":"3ecc4aa4ad8798ee85b7b324a292719274a12c9b"}
,"/home/mcampbell/Springboard/Capstone_2/trading-post/backend/config.js": {"path":"/home/mcampbell/Springboard/Capstone_2/trading-post/backend/config.js","statementMap":{"0":{"start":{"line":5,"column":0},"end":{"line":5,"column":27}},"1":{"start":{"line":6,"column":0},"end":{"line":6,"column":18}},"2":{"start":{"line":8,"column":19},"end":{"line":8,"column":57}},"3":{"start":{"line":10,"column":13},"end":{"line":10,"column":38}},"4":{"start":{"line":14,"column":2},"end":{"line":16,"column":139}},"5":{"start":{"line":20,"column":27},"end":{"line":20,"column":67}},"6":{"start":{"line":32,"column":0},"end":{"line":37,"column":2}}},"fnMap":{"0":{"name":"getDatabaseUri","decl":{"start":{"line":13,"column":9},"end":{"line":13,"column":23}},"loc":{"start":{"line":13,"column":26},"end":{"line":17,"column":1}},"line":13}},"branchMap":{"0":{"loc":{"start":{"line":8,"column":19},"end":{"line":8,"column":57}},"type":"binary-expr","locations":[{"start":{"line":8,"column":19},"end":{"line":8,"column":41}},{"start":{"line":8,"column":45},"end":{"line":8,"column":57}}],"line":8},"1":{"loc":{"start":{"line":10,"column":13},"end":{"line":10,"column":38}},"type":"binary-expr","locations":[{"start":{"line":10,"column":13},"end":{"line":10,"column":30}},{"start":{"line":10,"column":34},"end":{"line":10,"column":38}}],"line":10},"2":{"loc":{"start":{"line":14,"column":9},"end":{"line":16,"column":138}},"type":"cond-expr","locations":[{"start":{"line":15,"column":6},"end":{"line":15,"column":115}},{"start":{"line":16,"column":6},"end":{"line":16,"column":138}}],"line":14},"3":{"loc":{"start":{"line":16,"column":6},"end":{"line":16,"column":138}},"type":"binary-expr","locations":[{"start":{"line":16,"column":6},"end":{"line":16,"column":30}},{"start":{"line":16,"column":34},"end":{"line":16,"column":138}}],"line":16},"4":{"loc":{"start":{"line":20,"column":27},"end":{"line":20,"column":67}},"type":"cond-expr","locations":[{"start":{"line":20,"column":61},"end":{"line":20,"column":62}},{"start":{"line":20,"column":65},"end":{"line":20,"column":67}}],"line":20}},"s":{"0":13,"1":13,"2":13,"3":13,"4":13,"5":13,"6":13},"f":{"0":13},"b":{"0":[13,12],"1":[13,12],"2":[11,2],"3":[2,1],"4":[12,1]},"_coverageSchema":"1a1c01bbd47fc00a2c39e90264f33305004495a9","hash":"0a0fb24f9d8ef15c583725a011badf560cc554c7"}
,"/home/mcampbell/Springboard/Capstone_2/trading-post/backend/db.js": {"path":"/home/mcampbell/Springboard/Capstone_2/trading-post/backend/db.js","statementMap":{"0":{"start":{"line":3,"column":19},"end":{"line":3,"column":32}},"1":{"start":{"line":4,"column":27},"end":{"line":4,"column":46}},"2":{"start":{"line":8,"column":0},"end":{"line":19,"column":1}},"3":{"start":{"line":9,"column":2},"end":{"line":14,"column":5}},"4":{"start":{"line":16,"column":2},"end":{"line":18,"column":5}},"5":{"start":{"line":21,"column":0},"end":{"line":21,"column":13}},"6":{"start":{"line":23,"column":0},"end":{"line":23,"column":20}}},"fnMap":{},"branchMap":{"0":{"loc":{"start":{"line":8,"column":0},"end":{"line":19,"column":1}},"type":"if","locations":[{"start":{"line":8,"column":0},"end":{"line":19,"column":1}},{"start":{"line":15,"column":7},"end":{"line":19,"column":1}}],"line":8}},"s":{"0":10,"1":10,"2":10,"3":0,"4":10,"5":10,"6":10},"f":{},"b":{"0":[0,10]},"_coverageSchema":"1a1c01bbd47fc00a2c39e90264f33305004495a9","hash":"21b5e5191a82ac9b1659af51797c20da738f3ed9"}
,"/home/mcampbell/Springboard/Capstone_2/trading-post/backend/expressError.js": {"path":"/home/mcampbell/Springboard/Capstone_2/trading-post/backend/expressError.js","statementMap":{"0":{"start":{"line":9,"column":4},"end":{"line":9,"column":12}},"1":{"start":{"line":10,"column":4},"end":{"line":10,"column":27}},"2":{"start":{"line":11,"column":4},"end":{"line":11,"column":25}},"3":{"start":{"line":19,"column":4},"end":{"line":19,"column":24}},"4":{"start":{"line":27,"column":4},"end":{"line":27,"column":24}},"5":{"start":{"line":35,"column":4},"end":{"line":35,"column":24}},"6":{"start":{"line":43,"column":4},"end":{"line":43,"column":24}},"7":{"start":{"line":47,"column":0},"end":{"line":53,"column":2}}},"fnMap":{"0":{"name":"(anonymous_0)","decl":{"start":{"line":8,"column":2},"end":{"line":8,"column":3}},"loc":{"start":{"line":8,"column":31},"end":{"line":12,"column":3}},"line":8},"1":{"name":"(anonymous_1)","decl":{"start":{"line":18,"column":2},"end":{"line":18,"column":3}},"loc":{"start":{"line":18,"column":37},"end":{"line":20,"column":3}},"line":18},"2":{"name":"(anonymous_2)","decl":{"start":{"line":26,"column":2},"end":{"line":26,"column":3}},"loc":{"start":{"line":26,"column":40},"end":{"line":28,"column":3}},"line":26},"3":{"name":"(anonymous_3)","decl":{"start":{"line":34,"column":2},"end":{"line":34,"column":3}},"loc":{"start":{"line":34,"column":39},"end":{"line":36,"column":3}},"line":34},"4":{"name":"(anonymous_4)","decl":{"start":{"line":42,"column":2},"end":{"line":42,"column":3}},"loc":{"start":{"line":42,"column":39},"end":{"line":44,"column":3}},"line":42}},"branchMap":{"0":{"loc":{"start":{"line":18,"column":14},"end":{"line":18,"column":35}},"type":"default-arg","locations":[{"start":{"line":18,"column":24},"end":{"line":18,"column":35}}],"line":18},"1":{"loc":{"start":{"line":26,"column":14},"end":{"line":26,"column":38}},"type":"default-arg","locations":[{"start":{"line":26,"column":24},"end":{"line":26,"column":38}}],"line":26},"2":{"loc":{"start":{"line":34,"column":14},"end":{"line":34,"column":37}},"type":"default-arg","locations":[{"start":{"line":34,"column":24},"end":{"line":34,"column":37}}],"line":34},"3":{"loc":{"start":{"line":42,"column":14},"end":{"line":42,"column":37}},"type":"default-arg","locations":[{"start":{"line":42,"column":24},"end":{"line":42,"column":37}}],"line":42}},"s":{"0":70,"1":70,"2":70,"3":29,"4":26,"5":15,"6":0,"7":12},"f":{"0":70,"1":29,"2":26,"3":15,"4":0},"b":{"0":[4],"1":[22],"2":[0],"3":[0]},"_coverageSchema":"1a1c01bbd47fc00a2c39e90264f33305004495a9","hash":"68e5004c46f20deedd4fe536eac9b46a50fe7791"}
,"/home/mcampbell/Springboard/Capstone_2/trading-post/backend/helpers/sql.js": {"path":"/home/mcampbell/Springboard/Capstone_2/trading-post/backend/helpers/sql.js","statementMap":{"0":{"start":{"line":1,"column":28},"end":{"line":1,"column":54}},"1":{"start":{"line":21,"column":15},"end":{"line":21,"column":40}},"2":{"start":{"line":22,"column":2},"end":{"line":22,"column":62}},"3":{"start":{"line":22,"column":25},"end":{"line":22,"column":62}},"4":{"start":{"line":25,"column":15},"end":{"line":27,"column":3}},"5":{"start":{"line":26,"column":6},"end":{"line":26,"column":52}},"6":{"start":{"line":29,"column":2},"end":{"line":32,"column":4}},"7":{"start":{"line":35,"column":0},"end":{"line":35,"column":41}}},"fnMap":{"0":{"name":"sqlForPartialUpdate","decl":{"start":{"line":20,"column":9},"end":{"line":20,"column":28}},"loc":{"start":{"line":20,"column":52},"end":{"line":33,"column":1}},"line":20},"1":{"name":"(anonymous_1)","decl":{"start":{"line":25,"column":24},"end":{"line":25,"column":25}},"loc":{"start":{"line":26,"column":6},"end":{"line":26,"column":52}},"line":26}},"branchMap":{"0":{"loc":{"start":{"line":22,"column":2},"end":{"line":22,"column":62}},"type":"if","locations":[{"start":{"line":22,"column":2},"end":{"line":22,"column":62}},{"start":{},"end":{}}],"line":22},"1":{"loc":{"start":{"line":26,"column":10},"end":{"line":26,"column":37}},"type":"binary-expr","locations":[{"start":{"line":26,"column":10},"end":{"line":26,"column":26}},{"start":{"line":26,"column":30},"end":{"line":26,"column":37}}],"line":26}},"s":{"0":10,"1":14,"2":14,"3":1,"4":13,"5":20,"6":13,"7":10},"f":{"0":14,"1":20},"b":{"0":[1,13],"1":[20,17]},"_coverageSchema":"1a1c01bbd47fc00a2c39e90264f33305004495a9","hash":"f3a1ac52988a59ce7f1e4051c52ada8c00a97493"}
,"/home/mcampbell/Springboard/Capstone_2/trading-post/backend/helpers/tokens.js": {"path":"/home/mcampbell/Springboard/Capstone_2/trading-post/backend/helpers/tokens.js","statementMap":{"0":{"start":{"line":1,"column":12},"end":{"line":1,"column":35}},"1":{"start":{"line":2,"column":23},"end":{"line":2,"column":43}},"2":{"start":{"line":8,"column":16},"end":{"line":11,"column":3}},"3":{"start":{"line":13,"column":2},"end":{"line":13,"column":39}},"4":{"start":{"line":16,"column":0},"end":{"line":16,"column":33}}},"fnMap":{"0":{"name":"createToken","decl":{"start":{"line":6,"column":9},"end":{"line":6,"column":20}},"loc":{"start":{"line":6,"column":27},"end":{"line":14,"column":1}},"line":6}},"branchMap":{},"s":{"0":7,"1":7,"2":13,"3":13,"4":7},"f":{"0":13},"b":{},"_coverageSchema":"1a1c01bbd47fc00a2c39e90264f33305004495a9","hash":"905b43573591963bc3343c0396a04d58c223fa2d"}
,"/home/mcampbell/Springboard/Capstone_2/trading-post/backend/middleware/auth.js": {"path":"/home/mcampbell/Springboard/Capstone_2/trading-post/backend/middleware/auth.js","statementMap":{"0":{"start":{"line":5,"column":12},"end":{"line":5,"column":35}},"1":{"start":{"line":6,"column":23},"end":{"line":6,"column":43}},"2":{"start":{"line":7,"column":30},"end":{"line":7,"column":56}},"3":{"start":{"line":19,"column":2},"end":{"line":28,"column":3}},"4":{"start":{"line":20,"column":23},"end":{"line":20,"column":63}},"5":{"start":{"line":21,"column":4},"end":{"line":24,"column":5}},"6":{"start":{"line":22,"column":20},"end":{"line":22,"column":64}},"7":{"start":{"line":23,"column":6},"end":{"line":23,"column":54}},"8":{"start":{"line":25,"column":4},"end":{"line":25,"column":18}},"9":{"start":{"line":27,"column":4},"end":{"line":27,"column":18}},"10":{"start":{"line":37,"column":2},"end":{"line":42,"column":3}},"11":{"start":{"line":38,"column":4},"end":{"line":38,"column":56}},"12":{"start":{"line":38,"column":26},"end":{"line":38,"column":56}},"13":{"start":{"line":39,"column":4},"end":{"line":39,"column":18}},"14":{"start":{"line":41,"column":4},"end":{"line":41,"column":21}},"15":{"start":{"line":52,"column":2},"end":{"line":60,"column":3}},"16":{"start":{"line":53,"column":17},"end":{"line":53,"column":32}},"17":{"start":{"line":54,"column":4},"end":{"line":56,"column":5}},"18":{"start":{"line":55,"column":6},"end":{"line":55,"column":36}},"19":{"start":{"line":57,"column":4},"end":{"line":57,"column":18}},"20":{"start":{"line":59,"column":4},"end":{"line":59,"column":21}},"21":{"start":{"line":63,"column":0},"end":{"line":67,"column":2}}},"fnMap":{"0":{"name":"authenticateJWT","decl":{"start":{"line":18,"column":9},"end":{"line":18,"column":24}},"loc":{"start":{"line":18,"column":41},"end":{"line":29,"column":1}},"line":18},"1":{"name":"ensureLoggedIn","decl":{"start":{"line":36,"column":9},"end":{"line":36,"column":23}},"loc":{"start":{"line":36,"column":40},"end":{"line":43,"column":1}},"line":36},"2":{"name":"ensureCorrectUser","decl":{"start":{"line":51,"column":9},"end":{"line":51,"column":26}},"loc":{"start":{"line":51,"column":43},"end":{"line":61,"column":1}},"line":51}},"branchMap":{"0":{"loc":{"start":{"line":20,"column":23},"end":{"line":20,"column":63}},"type":"binary-expr","locations":[{"start":{"line":20,"column":23},"end":{"line":20,"column":34}},{"start":{"line":20,"column":38},"end":{"line":20,"column":63}}],"line":20},"1":{"loc":{"start":{"line":21,"column":4},"end":{"line":24,"column":5}},"type":"if","locations":[{"start":{"line":21,"column":4},"end":{"line":24,"column":5}},{"start":{},"end":{}}],"line":21},"2":{"loc":{"start":{"line":38,"column":4},"end":{"line":38,"column":56}},"type":"if","locations":[{"start":{"line":38,"column":4},"end":{"line":38,"column":56}},{"start":{},"end":{}}],"line":38},"3":{"loc":{"start":{"line":54,"column":4},"end":{"line":56,"column":5}},"type":"if","locations":[{"start":{"line":54,"column":4},"end":{"line":56,"column":5}},{"start":{},"end":{}}],"line":54},"4":{"loc":{"start":{"line":54,"column":10},"end":{"line":54,"column":48}},"type":"binary-expr","locations":[{"start":{"line":54,"column":10},"end":{"line":54,"column":14}},{"start":{"line":54,"column":19},"end":{"line":54,"column":47}}],"line":54}},"s":{"0":7,"1":7,"2":7,"3":69,"4":69,"5":69,"6":41,"7":41,"8":68,"9":1,"10":14,"11":14,"12":4,"13":10,"14":4,"15":39,"16":39,"17":39,"18":18,"19":21,"20":18,"21":7},"f":{"0":69,"1":14,"2":39},"b":{"0":[69,68],"1":[41,28],"2":[4,10],"3":[18,21],"4":[39,30]},"_coverageSchema":"1a1c01bbd47fc00a2c39e90264f33305004495a9","hash":"8fe69dccf50cb3c4f87d95c11d6c6a49cf9337b4"}
,"/home/mcampbell/Springboard/Capstone_2/trading-post/backend/models/_testCommon.js": {"path":"/home/mcampbell/Springboard/Capstone_2/trading-post/backend/models/_testCommon.js","statementMap":{"0":{"start":{"line":1,"column":11},"end":{"line":1,"column":30}},"1":{"start":{"line":2,"column":15},"end":{"line":2,"column":32}},"2":{"start":{"line":3,"column":31},"end":{"line":3,"column":54}},"3":{"start":{"line":6,"column":20},"end":{"line":64,"column":1}},"4":{"start":{"line":7,"column":16},"end":{"line":35,"column":4}},"5":{"start":{"line":37,"column":17},"end":{"line":61,"column":3}},"6":{"start":{"line":63,"column":2},"end":{"line":63,"column":32}},"7":{"start":{"line":69,"column":2},"end":{"line":69,"column":31}},"8":{"start":{"line":70,"column":2},"end":{"line":70,"column":46}},"9":{"start":{"line":71,"column":2},"end":{"line":71,"column":47}},"10":{"start":{"line":72,"column":2},"end":{"line":72,"column":38}},"11":{"start":{"line":73,"column":2},"end":{"line":73,"column":38}},"12":{"start":{"line":75,"column":20},"end":{"line":99,"column":3}},"13":{"start":{"line":101,"column":20},"end":{"line":125,"column":3}},"14":{"start":{"line":127,"column":2},"end":{"line":127,"column":30}},"15":{"start":{"line":128,"column":2},"end":{"line":128,"column":30}},"16":{"start":{"line":130,"column":2},"end":{"line":135,"column":4}},"17":{"start":{"line":137,"column":2},"end":{"line":142,"column":4}},"18":{"start":{"line":144,"column":2},"end":{"line":148,"column":4}},"19":{"start":{"line":150,"column":2},"end":{"line":154,"column":4}},"20":{"start":{"line":156,"column":2},"end":{"line":160,"column":4}},"21":{"start":{"line":164,"column":2},"end":{"line":164,"column":26}},"22":{"start":{"line":168,"column":2},"end":{"line":168,"column":29}},"23":{"start":{"line":172,"column":2},"end":{"line":172,"column":17}},"24":{"start":{"line":176,"column":0},"end":{"line":181,"column":2}}},"fnMap":{"0":{"name":"(anonymous_0)","decl":{"start":{"line":6,"column":20},"end":{"line":6,"column":21}},"loc":{"start":{"line":6,"column":41},"end":{"line":64,"column":1}},"line":6},"1":{"name":"commonBeforeAll","decl":{"start":{"line":67,"column":15},"end":{"line":67,"column":30}},"loc":{"start":{"line":67,"column":33},"end":{"line":161,"column":1}},"line":67},"2":{"name":"commonBeforeEach","decl":{"start":{"line":163,"column":15},"end":{"line":163,"column":31}},"loc":{"start":{"line":163,"column":34},"end":{"line":165,"column":1}},"line":163},"3":{"name":"commonAfterEach","decl":{"start":{"line":167,"column":15},"end":{"line":167,"column":30}},"loc":{"start":{"line":167,"column":33},"end":{"line":169,"column":1}},"line":167},"4":{"name":"commonAfterAll","decl":{"start":{"line":171,"column":15},"end":{"line":171,"column":29}},"loc":{"start":{"line":171,"column":32},"end":{"line":173,"column":1}},"line":171}},"branchMap":{},"s":{"0":4,"1":4,"2":4,"3":4,"4":8,"5":8,"6":8,"7":4,"8":4,"9":4,"10":4,"11":4,"12":4,"13":4,"14":4,"15":4,"16":4,"17":4,"18":4,"19":4,"20":4,"21":53,"22":53,"23":4,"24":4},"f":{"0":8,"1":4,"2":53,"3":53,"4":4},"b":{},"_coverageSchema":"1a1c01bbd47fc00a2c39e90264f33305004495a9","hash":"e138c28d5a4c889754e25a83188b8ad698932d1a"}
,"/home/mcampbell/Springboard/Capstone_2/trading-post/backend/models/card.js": {"path":"/home/mcampbell/Springboard/Capstone_2/trading-post/backend/models/card.js","statementMap":{"0":{"start":{"line":3,"column":11},"end":{"line":3,"column":27}},"1":{"start":{"line":4,"column":26},"end":{"line":4,"column":52}},"2":{"start":{"line":13,"column":25},"end":{"line":18,"column":54}},"3":{"start":{"line":19,"column":8},"end":{"line":19,"column":29}},"4":{"start":{"line":27,"column":25},"end":{"line":32,"column":73}},"5":{"start":{"line":33,"column":8},"end":{"line":33,"column":63}},"6":{"start":{"line":33,"column":37},"end":{"line":33,"column":63}},"7":{"start":{"line":34,"column":8},"end":{"line":34,"column":29}},"8":{"start":{"line":44,"column":25},"end":{"line":48,"column":55}},"9":{"start":{"line":50,"column":8},"end":{"line":50,"column":96}},"10":{"start":{"line":50,"column":38},"end":{"line":50,"column":96}},"11":{"start":{"line":52,"column":8},"end":{"line":52,"column":28}},"12":{"start":{"line":56,"column":0},"end":{"line":56,"column":22}}},"fnMap":{"0":{"name":"(anonymous_0)","decl":{"start":{"line":12,"column":4},"end":{"line":12,"column":5}},"loc":{"start":{"line":12,"column":39},"end":{"line":20,"column":5}},"line":12},"1":{"name":"(anonymous_1)","decl":{"start":{"line":26,"column":4},"end":{"line":26,"column":5}},"loc":{"start":{"line":26,"column":44},"end":{"line":35,"column":5}},"line":26},"2":{"name":"(anonymous_2)","decl":{"start":{"line":43,"column":4},"end":{"line":43,"column":5}},"loc":{"start":{"line":43,"column":35},"end":{"line":53,"column":5}},"line":43}},"branchMap":{"0":{"loc":{"start":{"line":33,"column":8},"end":{"line":33,"column":63}},"type":"if","locations":[{"start":{"line":33,"column":8},"end":{"line":33,"column":63}},{"start":{},"end":{}}],"line":33},"1":{"loc":{"start":{"line":50,"column":8},"end":{"line":50,"column":96}},"type":"if","locations":[{"start":{"line":50,"column":8},"end":{"line":50,"column":96}},{"start":{},"end":{}}],"line":50}},"s":{"0":7,"1":7,"2":4,"3":4,"4":8,"5":8,"6":2,"7":6,"8":4,"9":4,"10":2,"11":2,"12":7},"f":{"0":4,"1":8,"2":4},"b":{"0":[2,6],"1":[2,2]},"_coverageSchema":"1a1c01bbd47fc00a2c39e90264f33305004495a9","hash":"6e659adeb54cbbc0babf6503a08438ba90d38932"}
,"/home/mcampbell/Springboard/Capstone_2/trading-post/backend/models/cardCollection.js": {"path":"/home/mcampbell/Springboard/Capstone_2/trading-post/backend/models/cardCollection.js","statementMap":{"0":{"start":{"line":3,"column":11},"end":{"line":3,"column":27}},"1":{"start":{"line":4,"column":32},"end":{"line":4,"column":57}},"2":{"start":{"line":9,"column":4},"end":{"line":9,"column":30}},"3":{"start":{"line":21,"column":26},"end":{"line":21,"column":98}},"4":{"start":{"line":23,"column":8},"end":{"line":23,"column":77}},"5":{"start":{"line":23,"column":32},"end":{"line":23,"column":77}},"6":{"start":{"line":25,"column":22},"end":{"line":29,"column":20}},"7":{"start":{"line":31,"column":8},"end":{"line":31,"column":49}},"8":{"start":{"line":33,"column":8},"end":{"line":33,"column":21}},"9":{"start":{"line":44,"column":26},"end":{"line":44,"column":98}},"10":{"start":{"line":46,"column":8},"end":{"line":46,"column":77}},"11":{"start":{"line":46,"column":32},"end":{"line":46,"column":77}},"12":{"start":{"line":48,"column":22},"end":{"line":52,"column":24}},"13":{"start":{"line":54,"column":8},"end":{"line":54,"column":49}},"14":{"start":{"line":56,"column":8},"end":{"line":56,"column":21}},"15":{"start":{"line":67,"column":26},"end":{"line":67,"column":88}},"16":{"start":{"line":69,"column":8},"end":{"line":69,"column":77}},"17":{"start":{"line":69,"column":32},"end":{"line":69,"column":77}},"18":{"start":{"line":71,"column":26},"end":{"line":71,"column":88}},"19":{"start":{"line":73,"column":8},"end":{"line":73,"column":74}},"20":{"start":{"line":73,"column":32},"end":{"line":73,"column":74}},"21":{"start":{"line":75,"column":23},"end":{"line":78,"column":79}},"22":{"start":{"line":80,"column":8},"end":{"line":80,"column":86}},"23":{"start":{"line":80,"column":36},"end":{"line":80,"column":86}},"24":{"start":{"line":82,"column":8},"end":{"line":82,"column":30}},"25":{"start":{"line":94,"column":26},"end":{"line":94,"column":98}},"26":{"start":{"line":96,"column":8},"end":{"line":96,"column":77}},"27":{"start":{"line":96,"column":32},"end":{"line":96,"column":77}},"28":{"start":{"line":98,"column":26},"end":{"line":98,"column":94}},"29":{"start":{"line":100,"column":8},"end":{"line":100,"column":74}},"30":{"start":{"line":100,"column":32},"end":{"line":100,"column":74}},"31":{"start":{"line":102,"column":8},"end":{"line":106,"column":65}},"32":{"start":{"line":108,"column":8},"end":{"line":108,"column":105}},"33":{"start":{"line":120,"column":8},"end":{"line":120,"column":75}},"34":{"start":{"line":120,"column":25},"end":{"line":120,"column":75}},"35":{"start":{"line":121,"column":8},"end":{"line":121,"column":75}},"36":{"start":{"line":121,"column":25},"end":{"line":121,"column":75}},"37":{"start":{"line":123,"column":26},"end":{"line":123,"column":88}},"38":{"start":{"line":124,"column":8},"end":{"line":124,"column":77}},"39":{"start":{"line":124,"column":32},"end":{"line":124,"column":77}},"40":{"start":{"line":126,"column":26},"end":{"line":126,"column":88}},"41":{"start":{"line":127,"column":8},"end":{"line":127,"column":74}},"42":{"start":{"line":127,"column":32},"end":{"line":127,"column":74}},"43":{"start":{"line":130,"column":36},"end":{"line":134,"column":14}},"44":{"start":{"line":135,"column":29},"end":{"line":135,"column":54}},"45":{"start":{"line":136,"column":29},"end":{"line":136,"column":54}},"46":{"start":{"line":141,"column":25},"end":{"line":144,"column":40}},"47":{"start":{"line":147,"column":23},"end":{"line":147,"column":76}},"48":{"start":{"line":151,"column":8},"end":{"line":151,"column":30}},"49":{"start":{"line":162,"column":8},"end":{"line":165,"column":63}},"50":{"start":{"line":167,"column":8},"end":{"line":167,"column":58}},"51":{"start":{"line":171,"column":0},"end":{"line":171,"column":32}}},"fnMap":{"0":{"name":"(anonymous_0)","decl":{"start":{"line":20,"column":4},"end":{"line":20,"column":5}},"loc":{"start":{"line":20,"column":39},"end":{"line":34,"column":5}},"line":20},"1":{"name":"(anonymous_1)","decl":{"start":{"line":43,"column":4},"end":{"line":43,"column":5}},"loc":{"start":{"line":43,"column":42},"end":{"line":57,"column":5}},"line":43},"2":{"name":"(anonymous_2)","decl":{"start":{"line":66,"column":4},"end":{"line":66,"column":5}},"loc":{"start":{"line":66,"column":53},"end":{"line":83,"column":5}},"line":66},"3":{"name":"(anonymous_3)","decl":{"start":{"line":92,"column":4},"end":{"line":92,"column":5}},"loc":{"start":{"line":92,"column":92},"end":{"line":109,"column":5}},"line":92},"4":{"name":"(anonymous_4)","decl":{"start":{"line":119,"column":4},"end":{"line":119,"column":5}},"loc":{"start":{"line":119,"column":62},"end":{"line":152,"column":5}},"line":119},"5":{"name":"(anonymous_5)","decl":{"start":{"line":160,"column":4},"end":{"line":160,"column":5}},"loc":{"start":{"line":160,"column":62},"end":{"line":168,"column":5}},"line":160}},"branchMap":{"0":{"loc":{"start":{"line":23,"column":8},"end":{"line":23,"column":77}},"type":"if","locations":[{"start":{"line":23,"column":8},"end":{"line":23,"column":77}},{"start":{},"end":{}}],"line":23},"1":{"loc":{"start":{"line":46,"column":8},"end":{"line":46,"column":77}},"type":"if","locations":[{"start":{"line":46,"column":8},"end":{"line":46,"column":77}},{"start":{},"end":{}}],"line":46},"2":{"loc":{"start":{"line":69,"column":8},"end":{"line":69,"column":77}},"type":"if","locations":[{"start":{"line":69,"column":8},"end":{"line":69,"column":77}},{"start":{},"end":{}}],"line":69},"3":{"loc":{"start":{"line":73,"column":8},"end":{"line":73,"column":74}},"type":"if","locations":[{"start":{"line":73,"column":8},"end":{"line":73,"column":74}},{"start":{},"end":{}}],"line":73},"4":{"loc":{"start":{"line":80,"column":8},"end":{"line":80,"column":86}},"type":"if","locations":[{"start":{"line":80,"column":8},"end":{"line":80,"column":86}},{"start":{},"end":{}}],"line":80},"5":{"loc":{"start":{"line":96,"column":8},"end":{"line":96,"column":77}},"type":"if","locations":[{"start":{"line":96,"column":8},"end":{"line":96,"column":77}},{"start":{},"end":{}}],"line":96},"6":{"loc":{"start":{"line":100,"column":8},"end":{"line":100,"column":74}},"type":"if","locations":[{"start":{"line":100,"column":8},"end":{"line":100,"column":74}},{"start":{},"end":{}}],"line":100},"7":{"loc":{"start":{"line":120,"column":8},"end":{"line":120,"column":75}},"type":"if","locations":[{"start":{"line":120,"column":8},"end":{"line":120,"column":75}},{"start":{},"end":{}}],"line":120},"8":{"loc":{"start":{"line":121,"column":8},"end":{"line":121,"column":75}},"type":"if","locations":[{"start":{"line":121,"column":8},"end":{"line":121,"column":75}},{"start":{},"end":{}}],"line":121},"9":{"loc":{"start":{"line":124,"column":8},"end":{"line":124,"column":77}},"type":"if","locations":[{"start":{"line":124,"column":8},"end":{"line":124,"column":77}},{"start":{},"end":{}}],"line":124},"10":{"loc":{"start":{"line":127,"column":8},"end":{"line":127,"column":74}},"type":"if","locations":[{"start":{"line":127,"column":8},"end":{"line":127,"column":74}},{"start":{},"end":{}}],"line":127}},"s":{"0":7,"1":7,"2":7,"3":6,"4":6,"5":1,"6":5,"7":5,"8":5,"9":6,"10":6,"11":2,"12":4,"13":4,"14":4,"15":3,"16":3,"17":1,"18":2,"19":2,"20":1,"21":1,"22":1,"23":0,"24":1,"25":9,"26":9,"27":1,"28":8,"29":8,"30":1,"31":7,"32":7,"33":8,"34":1,"35":7,"36":1,"37":6,"38":6,"39":2,"40":4,"41":4,"42":1,"43":3,"44":3,"45":3,"46":3,"47":3,"48":3,"49":2,"50":2,"51":7},"f":{"0":6,"1":6,"2":3,"3":9,"4":8,"5":2},"b":{"0":[1,5],"1":[2,4],"2":[1,2],"3":[1,1],"4":[0,1],"5":[1,8],"6":[1,7],"7":[1,7],"8":[1,6],"9":[2,4],"10":[1,3]},"_coverageSchema":"1a1c01bbd47fc00a2c39e90264f33305004495a9","hash":"bbbf7d46345be52f054fedfd9225f32a101821fa"}
,"/home/mcampbell/Springboard/Capstone_2/trading-post/backend/models/user.js": {"path":"/home/mcampbell/Springboard/Capstone_2/trading-post/backend/models/user.js","statementMap":{"0":{"start":{"line":3,"column":11},"end":{"line":3,"column":27}},"1":{"start":{"line":4,"column":15},"end":{"line":4,"column":32}},"2":{"start":{"line":5,"column":32},"end":{"line":5,"column":57}},"3":{"start":{"line":10,"column":4},"end":{"line":10,"column":30}},"4":{"start":{"line":12,"column":31},"end":{"line":12,"column":54}},"5":{"start":{"line":26,"column":19},"end":{"line":31,"column":5}},"6":{"start":{"line":33,"column":17},"end":{"line":33,"column":31}},"7":{"start":{"line":35,"column":4},"end":{"line":42,"column":5}},"8":{"start":{"line":37,"column":22},"end":{"line":37,"column":67}},"9":{"start":{"line":38,"column":6},"end":{"line":41,"column":7}},"10":{"start":{"line":39,"column":8},"end":{"line":39,"column":29}},"11":{"start":{"line":40,"column":8},"end":{"line":40,"column":20}},"12":{"start":{"line":44,"column":4},"end":{"line":44,"column":61}},"13":{"start":{"line":55,"column":27},"end":{"line":60,"column":5}},"14":{"start":{"line":62,"column":4},"end":{"line":64,"column":5}},"15":{"start":{"line":63,"column":6},"end":{"line":63,"column":69}},"16":{"start":{"line":66,"column":27},"end":{"line":66,"column":74}},"17":{"start":{"line":69,"column":13},"end":{"line":69,"column":23}},"18":{"start":{"line":71,"column":18},"end":{"line":71,"column":30}},"19":{"start":{"line":72,"column":15},"end":{"line":72,"column":32}},"20":{"start":{"line":73,"column":16},"end":{"line":73,"column":38}},"21":{"start":{"line":74,"column":15},"end":{"line":74,"column":36}},"22":{"start":{"line":76,"column":19},"end":{"line":81,"column":5}},"23":{"start":{"line":83,"column":17},"end":{"line":83,"column":31}},"24":{"start":{"line":85,"column":4},"end":{"line":85,"column":16}},"25":{"start":{"line":97,"column":20},"end":{"line":102,"column":5}},"26":{"start":{"line":104,"column":17},"end":{"line":104,"column":32}},"27":{"start":{"line":106,"column":4},"end":{"line":106,"column":65}},"28":{"start":{"line":106,"column":15},"end":{"line":106,"column":65}},"29":{"start":{"line":110,"column":4},"end":{"line":110,"column":16}},"30":{"start":{"line":131,"column":4},"end":{"line":133,"column":5}},"31":{"start":{"line":132,"column":6},"end":{"line":132,"column":75}},"32":{"start":{"line":135,"column":32},"end":{"line":135,"column":61}},"33":{"start":{"line":136,"column":25},"end":{"line":136,"column":50}},"34":{"start":{"line":138,"column":21},"end":{"line":143,"column":35}},"35":{"start":{"line":144,"column":19},"end":{"line":144,"column":64}},"36":{"start":{"line":145,"column":17},"end":{"line":145,"column":31}},"37":{"start":{"line":147,"column":4},"end":{"line":147,"column":61}},"38":{"start":{"line":147,"column":15},"end":{"line":147,"column":61}},"39":{"start":{"line":149,"column":4},"end":{"line":149,"column":25}},"40":{"start":{"line":150,"column":4},"end":{"line":150,"column":16}},"41":{"start":{"line":156,"column":17},"end":{"line":162,"column":5}},"42":{"start":{"line":163,"column":17},"end":{"line":163,"column":31}},"43":{"start":{"line":165,"column":4},"end":{"line":165,"column":61}},"44":{"start":{"line":165,"column":15},"end":{"line":165,"column":61}},"45":{"start":{"line":167,"column":4},"end":{"line":167,"column":16}},"46":{"start":{"line":172,"column":0},"end":{"line":172,"column":22}}},"fnMap":{"0":{"name":"(anonymous_0)","decl":{"start":{"line":24,"column":2},"end":{"line":24,"column":3}},"loc":{"start":{"line":24,"column":48},"end":{"line":45,"column":3}},"line":24},"1":{"name":"(anonymous_1)","decl":{"start":{"line":54,"column":2},"end":{"line":54,"column":3}},"loc":{"start":{"line":54,"column":55},"end":{"line":86,"column":3}},"line":54},"2":{"name":"(anonymous_2)","decl":{"start":{"line":96,"column":2},"end":{"line":96,"column":3}},"loc":{"start":{"line":96,"column":23},"end":{"line":111,"column":3}},"line":96},"3":{"name":"(anonymous_3)","decl":{"start":{"line":130,"column":2},"end":{"line":130,"column":3}},"loc":{"start":{"line":130,"column":36},"end":{"line":151,"column":3}},"line":130},"4":{"name":"(anonymous_4)","decl":{"start":{"line":155,"column":2},"end":{"line":155,"column":3}},"loc":{"start":{"line":155,"column":30},"end":{"line":168,"column":3}},"line":155}},"branchMap":{"0":{"loc":{"start":{"line":35,"column":4},"end":{"line":42,"column":5}},"type":"if","locations":[{"start":{"line":35,"column":4},"end":{"line":42,"column":5}},{"start":{},"end":{}}],"line":35},"1":{"loc":{"start":{"line":38,"column":6},"end":{"line":41,"column":7}},"type":"if","locations":[{"start":{"line":38,"column":6},"end":{"line":41,"column":7}},{"start":{},"end":{}}],"line":38},"2":{"loc":{"start":{"line":62,"column":4},"end":{"line":64,"column":5}},"type":"if","locations":[{"start":{"line":62,"column":4},"end":{"line":64,"column":5}},{"start":{},"end":{}}],"line":62},"3":{"loc":{"start":{"line":106,"column":4},"end":{"line":106,"column":65}},"type":"if","locations":[{"start":{"line":106,"column":4},"end":{"line":106,"column":65}},{"start":{},"end":{}}],"line":106},"4":{"loc":{"start":{"line":131,"column":4},"end":{"line":133,"column":5}},"type":"if","locations":[{"start":{"line":131,"column":4},"end":{"line":133,"column":5}},{"start":{},"end":{}}],"line":131},"5":{"loc":{"start":{"line":147,"column":4},"end":{"line":147,"column":61}},"type":"if","locations":[{"start":{"line":147,"column":4},"end":{"line":147,"column":61}},{"start":{},"end":{}}],"line":147},"6":{"loc":{"start":{"line":165,"column":4},"end":{"line":165,"column":61}},"type":"if","locations":[{"start":{"line":165,"column":4},"end":{"line":165,"column":61}},{"start":{},"end":{}}],"line":165}},"s":{"0":7,"1":7,"2":7,"3":7,"4":7,"5":7,"6":7,"7":7,"8":4,"9":4,"10":3,"11":3,"12":4,"13":4,"14":4,"15":1,"16":3,"17":3,"18":3,"19":3,"20":3,"21":3,"22":3,"23":3,"24":3,"25":5,"26":5,"27":5,"28":2,"29":3,"30":6,"31":2,"32":6,"33":5,"34":5,"35":5,"36":5,"37":5,"38":1,"39":4,"40":4,"41":3,"42":3,"43":3,"44":1,"45":2,"46":7},"f":{"0":7,"1":4,"2":5,"3":6,"4":3},"b":{"0":[4,3],"1":[3,1],"2":[1,3],"3":[2,3],"4":[2,4],"5":[1,4],"6":[1,2]},"_coverageSchema":"1a1c01bbd47fc00a2c39e90264f33305004495a9","hash":"a849430fe8a463900ece48adc205e99cf968d97b"}
,"/home/mcampbell/Springboard/Capstone_2/trading-post/backend/models/wantList.js": {"path":"/home/mcampbell/Springboard/Capstone_2/trading-post/backend/models/wantList.js","statementMap":{"0":{"start":{"line":3,"column":11},"end":{"line":3,"column":27}},"1":{"start":{"line":8,"column":4},"end":{"line":8,"column":30}},"2":{"start":{"line":10,"column":32},"end":{"line":10,"column":57}},"3":{"start":{"line":22,"column":26},"end":{"line":22,"column":98}},"4":{"start":{"line":24,"column":8},"end":{"line":24,"column":77}},"5":{"start":{"line":24,"column":32},"end":{"line":24,"column":77}},"6":{"start":{"line":26,"column":22},"end":{"line":30,"column":20}},"7":{"start":{"line":32,"column":8},"end":{"line":32,"column":49}},"8":{"start":{"line":34,"column":8},"end":{"line":34,"column":21}},"9":{"start":{"line":45,"column":26},"end":{"line":45,"column":88}},"10":{"start":{"line":47,"column":8},"end":{"line":47,"column":77}},"11":{"start":{"line":47,"column":32},"end":{"line":47,"column":77}},"12":{"start":{"line":49,"column":26},"end":{"line":49,"column":88}},"13":{"start":{"line":51,"column":8},"end":{"line":51,"column":74}},"14":{"start":{"line":51,"column":32},"end":{"line":51,"column":74}},"15":{"start":{"line":53,"column":23},"end":{"line":56,"column":79}},"16":{"start":{"line":58,"column":8},"end":{"line":58,"column":85}},"17":{"start":{"line":58,"column":36},"end":{"line":58,"column":85}},"18":{"start":{"line":60,"column":8},"end":{"line":60,"column":30}},"19":{"start":{"line":72,"column":26},"end":{"line":72,"column":98}},"20":{"start":{"line":74,"column":8},"end":{"line":74,"column":77}},"21":{"start":{"line":74,"column":32},"end":{"line":74,"column":77}},"22":{"start":{"line":76,"column":26},"end":{"line":76,"column":94}},"23":{"start":{"line":78,"column":8},"end":{"line":78,"column":74}},"24":{"start":{"line":78,"column":32},"end":{"line":78,"column":74}},"25":{"start":{"line":80,"column":8},"end":{"line":84,"column":46}},"26":{"start":{"line":86,"column":8},"end":{"line":86,"column":104}},"27":{"start":{"line":98,"column":8},"end":{"line":98,"column":75}},"28":{"start":{"line":98,"column":25},"end":{"line":98,"column":75}},"29":{"start":{"line":99,"column":8},"end":{"line":99,"column":75}},"30":{"start":{"line":99,"column":25},"end":{"line":99,"column":75}},"31":{"start":{"line":101,"column":26},"end":{"line":101,"column":88}},"32":{"start":{"line":102,"column":8},"end":{"line":102,"column":77}},"33":{"start":{"line":102,"column":32},"end":{"line":102,"column":77}},"34":{"start":{"line":104,"column":26},"end":{"line":104,"column":88}},"35":{"start":{"line":105,"column":8},"end":{"line":105,"column":74}},"36":{"start":{"line":105,"column":32},"end":{"line":105,"column":74}},"37":{"start":{"line":108,"column":36},"end":{"line":108,"column":65}},"38":{"start":{"line":109,"column":29},"end":{"line":109,"column":54}},"39":{"start":{"line":110,"column":29},"end":{"line":110,"column":54}},"40":{"start":{"line":112,"column":25},"end":{"line":115,"column":40}},"41":{"start":{"line":116,"column":23},"end":{"line":116,"column":76}},"42":{"start":{"line":118,"column":8},"end":{"line":118,"column":30}},"43":{"start":{"line":129,"column":8},"end":{"line":132,"column":63}},"44":{"start":{"line":134,"column":8},"end":{"line":134,"column":57}},"45":{"start":{"line":138,"column":0},"end":{"line":138,"column":26}}},"fnMap":{"0":{"name":"(anonymous_0)","decl":{"start":{"line":21,"column":4},"end":{"line":21,"column":5}},"loc":{"start":{"line":21,"column":37},"end":{"line":35,"column":5}},"line":21},"1":{"name":"(anonymous_1)","decl":{"start":{"line":44,"column":4},"end":{"line":44,"column":5}},"loc":{"start":{"line":44,"column":51},"end":{"line":61,"column":5}},"line":44},"2":{"name":"(anonymous_2)","decl":{"start":{"line":70,"column":4},"end":{"line":70,"column":5}},"loc":{"start":{"line":70,"column":71},"end":{"line":87,"column":5}},"line":70},"3":{"name":"(anonymous_3)","decl":{"start":{"line":97,"column":4},"end":{"line":97,"column":5}},"loc":{"start":{"line":97,"column":60},"end":{"line":119,"column":5}},"line":97},"4":{"name":"(anonymous_4)","decl":{"start":{"line":127,"column":4},"end":{"line":127,"column":5}},"loc":{"start":{"line":127,"column":56},"end":{"line":135,"column":5}},"line":127}},"branchMap":{"0":{"loc":{"start":{"line":24,"column":8},"end":{"line":24,"column":77}},"type":"if","locations":[{"start":{"line":24,"column":8},"end":{"line":24,"column":77}},{"start":{},"end":{}}],"line":24},"1":{"loc":{"start":{"line":47,"column":8},"end":{"line":47,"column":77}},"type":"if","locations":[{"start":{"line":47,"column":8},"end":{"line":47,"column":77}},{"start":{},"end":{}}],"line":47},"2":{"loc":{"start":{"line":51,"column":8},"end":{"line":51,"column":74}},"type":"if","locations":[{"start":{"line":51,"column":8},"end":{"line":51,"column":74}},{"start":{},"end":{}}],"line":51},"3":{"loc":{"start":{"line":58,"column":8},"end":{"line":58,"column":85}},"type":"if","locations":[{"start":{"line":58,"column":8},"end":{"line":58,"column":85}},{"start":{},"end":{}}],"line":58},"4":{"loc":{"start":{"line":74,"column":8},"end":{"line":74,"column":77}},"type":"if","locations":[{"start":{"line":74,"column":8},"end":{"line":74,"column":77}},{"start":{},"end":{}}],"line":74},"5":{"loc":{"start":{"line":78,"column":8},"end":{"line":78,"column":74}},"type":"if","locations":[{"start":{"line":78,"column":8},"end":{"line":78,"column":74}},{"start":{},"end":{}}],"line":78},"6":{"loc":{"start":{"line":98,"column":8},"end":{"line":98,"column":75}},"type":"if","locations":[{"start":{"line":98,"column":8},"end":{"line":98,"column":75}},{"start":{},"end":{}}],"line":98},"7":{"loc":{"start":{"line":99,"column":8},"end":{"line":99,"column":75}},"type":"if","locations":[{"start":{"line":99,"column":8},"end":{"line":99,"column":75}},{"start":{},"end":{}}],"line":99},"8":{"loc":{"start":{"line":102,"column":8},"end":{"line":102,"column":77}},"type":"if","locations":[{"start":{"line":102,"column":8},"end":{"line":102,"column":77}},{"start":{},"end":{}}],"line":102},"9":{"loc":{"start":{"line":105,"column":8},"end":{"line":105,"column":74}},"type":"if","locations":[{"start":{"line":105,"column":8},"end":{"line":105,"column":74}},{"start":{},"end":{}}],"line":105}},"s":{"0":7,"1":7,"2":7,"3":8,"4":8,"5":2,"6":6,"7":6,"8":6,"9":3,"10":3,"11":1,"12":2,"13":2,"14":1,"15":1,"16":1,"17":0,"18":1,"19":9,"20":9,"21":1,"22":8,"23":8,"24":1,"25":7,"26":7,"27":8,"28":1,"29":7,"30":1,"31":6,"32":6,"33":1,"34":5,"35":5,"36":2,"37":3,"38":3,"39":3,"40":3,"41":3,"42":3,"43":2,"44":2,"45":7},"f":{"0":8,"1":3,"2":9,"3":8,"4":2},"b":{"0":[2,6],"1":[1,2],"2":[1,1],"3":[0,1],"4":[1,8],"5":[1,7],"6":[1,7],"7":[1,6],"8":[1,5],"9":[2,3]},"_coverageSchema":"1a1c01bbd47fc00a2c39e90264f33305004495a9","hash":"03791e69037b2bf775a125e2cbc781bf02292ee4"}
,"/home/mcampbell/Springboard/Capstone_2/trading-post/backend/routes/_testCommon.js": {"path":"/home/mcampbell/Springboard/Capstone_2/trading-post/backend/routes/_testCommon.js","statementMap":{"0":{"start":{"line":3,"column":11},"end":{"line":3,"column":30}},"1":{"start":{"line":4,"column":13},"end":{"line":4,"column":41}},"2":{"start":{"line":5,"column":24},"end":{"line":5,"column":52}},"3":{"start":{"line":6,"column":15},"end":{"line":6,"column":32}},"4":{"start":{"line":7,"column":31},"end":{"line":7,"column":54}},"5":{"start":{"line":8,"column":23},"end":{"line":8,"column":61}},"6":{"start":{"line":9,"column":17},"end":{"line":9,"column":49}},"7":{"start":{"line":12,"column":2},"end":{"line":12,"column":32}},"8":{"start":{"line":14,"column":2},"end":{"line":14,"column":46}},"9":{"start":{"line":15,"column":2},"end":{"line":15,"column":47}},"10":{"start":{"line":16,"column":2},"end":{"line":16,"column":38}},"11":{"start":{"line":17,"column":2},"end":{"line":17,"column":38}},"12":{"start":{"line":19,"column":19},"end":{"line":43,"column":3}},"13":{"start":{"line":45,"column":16},"end":{"line":73,"column":4}},"14":{"start":{"line":75,"column":17},"end":{"line":99,"column":3}},"15":{"start":{"line":102,"column":2},"end":{"line":102,"column":32}},"16":{"start":{"line":104,"column":2},"end":{"line":109,"column":4}},"17":{"start":{"line":111,"column":2},"end":{"line":116,"column":4}},"18":{"start":{"line":118,"column":2},"end":{"line":125,"column":5}},"19":{"start":{"line":127,"column":2},"end":{"line":132,"column":4}},"20":{"start":{"line":136,"column":2},"end":{"line":136,"column":26}},"21":{"start":{"line":140,"column":2},"end":{"line":140,"column":29}},"22":{"start":{"line":144,"column":2},"end":{"line":144,"column":17}},"23":{"start":{"line":147,"column":17},"end":{"line":147,"column":58}},"24":{"start":{"line":148,"column":17},"end":{"line":148,"column":58}},"25":{"start":{"line":150,"column":0},"end":{"line":157,"column":2}}},"fnMap":{"0":{"name":"commonBeforeAll","decl":{"start":{"line":11,"column":15},"end":{"line":11,"column":30}},"loc":{"start":{"line":11,"column":33},"end":{"line":133,"column":1}},"line":11},"1":{"name":"commonBeforeEach","decl":{"start":{"line":135,"column":15},"end":{"line":135,"column":31}},"loc":{"start":{"line":135,"column":34},"end":{"line":137,"column":1}},"line":135},"2":{"name":"commonAfterEach","decl":{"start":{"line":139,"column":15},"end":{"line":139,"column":30}},"loc":{"start":{"line":139,"column":33},"end":{"line":141,"column":1}},"line":139},"3":{"name":"commonAfterAll","decl":{"start":{"line":143,"column":15},"end":{"line":143,"column":29}},"loc":{"start":{"line":143,"column":32},"end":{"line":145,"column":1}},"line":143}},"branchMap":{},"s":{"0":5,"1":5,"2":5,"3":5,"4":5,"5":5,"6":5,"7":5,"8":5,"9":5,"10":5,"11":5,"12":5,"13":5,"14":5,"15":5,"16":5,"17":5,"18":5,"19":5,"20":64,"21":64,"22":5,"23":5,"24":5,"25":5},"f":{"0":5,"1":64,"2":64,"3":5},"b":{},"_coverageSchema":"1a1c01bbd47fc00a2c39e90264f33305004495a9","hash":"ad94784a461d29ec6ed12e9c3b89e74a27715077"}
,"/home/mcampbell/Springboard/Capstone_2/trading-post/backend/routes/auth.js": {"path":"/home/mcampbell/Springboard/Capstone_2/trading-post/backend/routes/auth.js","statementMap":{"0":{"start":{"line":5,"column":19},"end":{"line":5,"column":40}},"1":{"start":{"line":7,"column":13},"end":{"line":7,"column":38}},"2":{"start":{"line":8,"column":16},"end":{"line":8,"column":34}},"3":{"start":{"line":9,"column":15},"end":{"line":9,"column":35}},"4":{"start":{"line":10,"column":24},"end":{"line":10,"column":52}},"5":{"start":{"line":11,"column":23},"end":{"line":11,"column":58}},"6":{"start":{"line":12,"column":27},"end":{"line":12,"column":66}},"7":{"start":{"line":13,"column":28},"end":{"line":13,"column":54}},"8":{"start":{"line":23,"column":0},"end":{"line":40,"column":3}},"9":{"start":{"line":24,"column":2},"end":{"line":39,"column":3}},"10":{"start":{"line":25,"column":22},"end":{"line":25,"column":67}},"11":{"start":{"line":27,"column":4},"end":{"line":30,"column":5}},"12":{"start":{"line":28,"column":19},"end":{"line":28,"column":53}},"13":{"start":{"line":28,"column":45},"end":{"line":28,"column":52}},"14":{"start":{"line":29,"column":6},"end":{"line":29,"column":38}},"15":{"start":{"line":32,"column":35},"end":{"line":32,"column":43}},"16":{"start":{"line":33,"column":17},"end":{"line":33,"column":60}},"17":{"start":{"line":34,"column":18},"end":{"line":34,"column":35}},"18":{"start":{"line":36,"column":4},"end":{"line":36,"column":37}},"19":{"start":{"line":38,"column":4},"end":{"line":38,"column":21}},"20":{"start":{"line":51,"column":0},"end":{"line":65,"column":3}},"21":{"start":{"line":52,"column":2},"end":{"line":64,"column":3}},"22":{"start":{"line":53,"column":22},"end":{"line":53,"column":71}},"23":{"start":{"line":54,"column":4},"end":{"line":57,"column":5}},"24":{"start":{"line":55,"column":19},"end":{"line":55,"column":53}},"25":{"start":{"line":55,"column":45},"end":{"line":55,"column":52}},"26":{"start":{"line":56,"column":6},"end":{"line":56,"column":38}},"27":{"start":{"line":59,"column":20},"end":{"line":59,"column":56}},"28":{"start":{"line":60,"column":18},"end":{"line":60,"column":38}},"29":{"start":{"line":61,"column":4},"end":{"line":61,"column":58}},"30":{"start":{"line":63,"column":4},"end":{"line":63,"column":21}},"31":{"start":{"line":68,"column":0},"end":{"line":68,"column":24}}},"fnMap":{"0":{"name":"(anonymous_0)","decl":{"start":{"line":23,"column":22},"end":{"line":23,"column":23}},"loc":{"start":{"line":23,"column":54},"end":{"line":40,"column":1}},"line":23},"1":{"name":"(anonymous_1)","decl":{"start":{"line":28,"column":40},"end":{"line":28,"column":41}},"loc":{"start":{"line":28,"column":45},"end":{"line":28,"column":52}},"line":28},"2":{"name":"(anonymous_2)","decl":{"start":{"line":51,"column":25},"end":{"line":51,"column":26}},"loc":{"start":{"line":51,"column":57},"end":{"line":65,"column":1}},"line":51},"3":{"name":"(anonymous_3)","decl":{"start":{"line":55,"column":40},"end":{"line":55,"column":41}},"loc":{"start":{"line":55,"column":45},"end":{"line":55,"column":52}},"line":55}},"branchMap":{"0":{"loc":{"start":{"line":27,"column":4},"end":{"line":30,"column":5}},"type":"if","locations":[{"start":{"line":27,"column":4},"end":{"line":30,"column":5}},{"start":{},"end":{}}],"line":27},"1":{"loc":{"start":{"line":54,"column":4},"end":{"line":57,"column":5}},"type":"if","locations":[{"start":{"line":54,"column":4},"end":{"line":57,"column":5}},{"start":{},"end":{}}],"line":54}},"s":{"0":6,"1":6,"2":6,"3":6,"4":6,"5":6,"6":6,"7":6,"8":6,"9":5,"10":5,"11":5,"12":2,"13":2,"14":2,"15":3,"16":3,"17":1,"18":1,"19":4,"20":6,"21":3,"22":3,"23":3,"24":2,"25":4,"26":2,"27":1,"28":1,"29":1,"30":2,"31":6},"f":{"0":5,"1":2,"2":3,"3":4},"b":{"0":[2,3],"1":[2,1]},"_coverageSchema":"1a1c01bbd47fc00a2c39e90264f33305004495a9","hash":"f29d132d20eda79dabd46542fdaa29b85d92051a"}
,"/home/mcampbell/Springboard/Capstone_2/trading-post/backend/routes/cardCollection.js": {"path":"/home/mcampbell/Springboard/Capstone_2/trading-post/backend/routes/cardCollection.js","statementMap":{"0":{"start":{"line":5,"column":19},"end":{"line":5,"column":40}},"1":{"start":{"line":7,"column":16},"end":{"line":7,"column":34}},"2":{"start":{"line":8,"column":46},"end":{"line":8,"column":75}},"3":{"start":{"line":9,"column":28},"end":{"line":9,"column":54}},"4":{"start":{"line":10,"column":23},"end":{"line":10,"column":58}},"5":{"start":{"line":11,"column":34},"end":{"line":11,"column":80}},"6":{"start":{"line":12,"column":25},"end":{"line":12,"column":68}},"7":{"start":{"line":14,"column":15},"end":{"line":14,"column":31}},"8":{"start":{"line":22,"column":0},"end":{"line":29,"column":4}},"9":{"start":{"line":23,"column":4},"end":{"line":28,"column":5}},"10":{"start":{"line":24,"column":20},"end":{"line":24,"column":76}},"11":{"start":{"line":25,"column":6},"end":{"line":25,"column":63}},"12":{"start":{"line":27,"column":6},"end":{"line":27,"column":23}},"13":{"start":{"line":37,"column":0},"end":{"line":44,"column":4}},"14":{"start":{"line":38,"column":4},"end":{"line":43,"column":5}},"15":{"start":{"line":39,"column":20},"end":{"line":39,"column":73}},"16":{"start":{"line":40,"column":6},"end":{"line":40,"column":62}},"17":{"start":{"line":42,"column":6},"end":{"line":42,"column":23}},"18":{"start":{"line":54,"column":0},"end":{"line":68,"column":2}},"19":{"start":{"line":55,"column":4},"end":{"line":67,"column":5}},"20":{"start":{"line":56,"column":26},"end":{"line":56,"column":82}},"21":{"start":{"line":58,"column":8},"end":{"line":61,"column":9}},"22":{"start":{"line":59,"column":25},"end":{"line":59,"column":59}},"23":{"start":{"line":59,"column":51},"end":{"line":59,"column":58}},"24":{"start":{"line":60,"column":12},"end":{"line":60,"column":44}},"25":{"start":{"line":63,"column":24},"end":{"line":63,"column":108}},"26":{"start":{"line":64,"column":8},"end":{"line":64,"column":36}},"27":{"start":{"line":66,"column":8},"end":{"line":66,"column":25}},"28":{"start":{"line":80,"column":0},"end":{"line":96,"column":3}},"29":{"start":{"line":81,"column":4},"end":{"line":95,"column":5}},"30":{"start":{"line":82,"column":33},"end":{"line":82,"column":43}},"31":{"start":{"line":83,"column":26},"end":{"line":83,"column":78}},"32":{"start":{"line":85,"column":8},"end":{"line":88,"column":9}},"33":{"start":{"line":86,"column":25},"end":{"line":86,"column":59}},"34":{"start":{"line":86,"column":51},"end":{"line":86,"column":58}},"35":{"start":{"line":87,"column":12},"end":{"line":87,"column":44}},"36":{"start":{"line":90,"column":21},"end":{"line":90,"column":90}},"37":{"start":{"line":92,"column":8},"end":{"line":92,"column":34}},"38":{"start":{"line":94,"column":8},"end":{"line":94,"column":25}},"39":{"start":{"line":105,"column":0},"end":{"line":112,"column":3}},"40":{"start":{"line":106,"column":4},"end":{"line":111,"column":5}},"41":{"start":{"line":107,"column":24},"end":{"line":107,"column":81}},"42":{"start":{"line":108,"column":8},"end":{"line":108,"column":37}},"43":{"start":{"line":110,"column":8},"end":{"line":110,"column":25}},"44":{"start":{"line":114,"column":0},"end":{"line":114,"column":24}}},"fnMap":{"0":{"name":"(anonymous_0)","decl":{"start":{"line":22,"column":48},"end":{"line":22,"column":49}},"loc":{"start":{"line":22,"column":80},"end":{"line":29,"column":3}},"line":22},"1":{"name":"(anonymous_1)","decl":{"start":{"line":37,"column":42},"end":{"line":37,"column":43}},"loc":{"start":{"line":37,"column":74},"end":{"line":44,"column":3}},"line":37},"2":{"name":"(anonymous_2)","decl":{"start":{"line":54,"column":51},"end":{"line":54,"column":52}},"loc":{"start":{"line":54,"column":83},"end":{"line":68,"column":1}},"line":54},"3":{"name":"(anonymous_3)","decl":{"start":{"line":59,"column":46},"end":{"line":59,"column":47}},"loc":{"start":{"line":59,"column":51},"end":{"line":59,"column":58}},"line":59},"4":{"name":"(anonymous_4)","decl":{"start":{"line":80,"column":58},"end":{"line":80,"column":59}},"loc":{"start":{"line":80,"column":90},"end":{"line":96,"column":1}},"line":80},"5":{"name":"(anonymous_5)","decl":{"start":{"line":86,"column":46},"end":{"line":86,"column":47}},"loc":{"start":{"line":86,"column":51},"end":{"line":86,"column":58}},"line":86},"6":{"name":"(anonymous_6)","decl":{"start":{"line":105,"column":60},"end":{"line":105,"column":61}},"loc":{"start":{"line":105,"column":92},"end":{"line":112,"column":1}},"line":105}},"branchMap":{"0":{"loc":{"start":{"line":58,"column":8},"end":{"line":61,"column":9}},"type":"if","locations":[{"start":{"line":58,"column":8},"end":{"line":61,"column":9}},{"start":{},"end":{}}],"line":58},"1":{"loc":{"start":{"line":85,"column":8},"end":{"line":88,"column":9}},"type":"if","locations":[{"start":{"line":85,"column":8},"end":{"line":88,"column":9}},{"start":{},"end":{}}],"line":85}},"s":{"0":6,"1":6,"2":6,"3":6,"4":6,"5":6,"6":6,"7":6,"8":6,"9":3,"10":3,"11":2,"12":1,"13":6,"14":1,"15":1,"16":1,"17":0,"18":6,"19":3,"20":3,"21":3,"22":1,"23":4,"24":1,"25":2,"26":1,"27":2,"28":6,"29":4,"30":4,"31":4,"32":4,"33":1,"34":2,"35":1,"36":3,"37":2,"38":2,"39":6,"40":1,"41":1,"42":1,"43":0,"44":6},"f":{"0":3,"1":1,"2":3,"3":4,"4":4,"5":2,"6":1},"b":{"0":[1,2],"1":[1,3]},"_coverageSchema":"1a1c01bbd47fc00a2c39e90264f33305004495a9","hash":"4d061a7005592089855735378b9cb4e90c83265c"}
,"/home/mcampbell/Springboard/Capstone_2/trading-post/backend/routes/cards.js": {"path":"/home/mcampbell/Springboard/Capstone_2/trading-post/backend/routes/cards.js","statementMap":{"0":{"start":{"line":6,"column":16},"end":{"line":6,"column":34}},"1":{"start":{"line":8,"column":28},"end":{"line":8,"column":54}},"2":{"start":{"line":9,"column":13},"end":{"line":9,"column":38}},"3":{"start":{"line":11,"column":15},"end":{"line":11,"column":35}},"4":{"start":{"line":19,"column":0},"end":{"line":29,"column":3}},"5":{"start":{"line":20,"column":4},"end":{"line":28,"column":5}},"6":{"start":{"line":21,"column":20},"end":{"line":21,"column":62}},"7":{"start":{"line":22,"column":8},"end":{"line":24,"column":9}},"8":{"start":{"line":23,"column":10},"end":{"line":23,"column":66}},"9":{"start":{"line":25,"column":8},"end":{"line":25,"column":35}},"10":{"start":{"line":27,"column":8},"end":{"line":27,"column":25}},"11":{"start":{"line":40,"column":0},"end":{"line":47,"column":3}},"12":{"start":{"line":41,"column":2},"end":{"line":46,"column":3}},"13":{"start":{"line":42,"column":18},"end":{"line":42,"column":57}},"14":{"start":{"line":43,"column":4},"end":{"line":43,"column":31}},"15":{"start":{"line":45,"column":4},"end":{"line":45,"column":21}},"16":{"start":{"line":49,"column":0},"end":{"line":49,"column":24}}},"fnMap":{"0":{"name":"(anonymous_0)","decl":{"start":{"line":19,"column":16},"end":{"line":19,"column":17}},"loc":{"start":{"line":19,"column":48},"end":{"line":29,"column":1}},"line":19},"1":{"name":"(anonymous_1)","decl":{"start":{"line":40,"column":19},"end":{"line":40,"column":20}},"loc":{"start":{"line":40,"column":51},"end":{"line":47,"column":1}},"line":40}},"branchMap":{"0":{"loc":{"start":{"line":22,"column":8},"end":{"line":24,"column":9}},"type":"if","locations":[{"start":{"line":22,"column":8},"end":{"line":24,"column":9}},{"start":{},"end":{}}],"line":22}},"s":{"0":6,"1":6,"2":6,"3":6,"4":6,"5":3,"6":3,"7":3,"8":2,"9":2,"10":1,"11":6,"12":2,"13":2,"14":1,"15":1,"16":6},"f":{"0":3,"1":2},"b":{"0":[2,1]},"_coverageSchema":"1a1c01bbd47fc00a2c39e90264f33305004495a9","hash":"c6df6ec9a891552cdad633976735ae620600811d"}
,"/home/mcampbell/Springboard/Capstone_2/trading-post/backend/routes/users.js": {"path":"/home/mcampbell/Springboard/Capstone_2/trading-post/backend/routes/users.js","statementMap":{"0":{"start":{"line":5,"column":19},"end":{"line":5,"column":40}},"1":{"start":{"line":7,"column":16},"end":{"line":7,"column":34}},"2":{"start":{"line":8,"column":46},"end":{"line":8,"column":75}},"3":{"start":{"line":9,"column":28},"end":{"line":9,"column":54}},"4":{"start":{"line":10,"column":13},"end":{"line":10,"column":38}},"5":{"start":{"line":11,"column":23},"end":{"line":11,"column":58}},"6":{"start":{"line":12,"column":25},"end":{"line":12,"column":62}},"7":{"start":{"line":14,"column":15},"end":{"line":14,"column":31}},"8":{"start":{"line":23,"column":0},"end":{"line":30,"column":3}},"9":{"start":{"line":24,"column":2},"end":{"line":29,"column":3}},"10":{"start":{"line":25,"column":17},"end":{"line":25,"column":50}},"11":{"start":{"line":26,"column":4},"end":{"line":26,"column":30}},"12":{"start":{"line":28,"column":4},"end":{"line":28,"column":21}},"13":{"start":{"line":42,"column":0},"end":{"line":55,"column":3}},"14":{"start":{"line":43,"column":2},"end":{"line":54,"column":3}},"15":{"start":{"line":44,"column":22},"end":{"line":44,"column":69}},"16":{"start":{"line":45,"column":4},"end":{"line":48,"column":5}},"17":{"start":{"line":46,"column":19},"end":{"line":46,"column":53}},"18":{"start":{"line":46,"column":45},"end":{"line":46,"column":52}},"19":{"start":{"line":47,"column":6},"end":{"line":47,"column":38}},"20":{"start":{"line":50,"column":17},"end":{"line":50,"column":63}},"21":{"start":{"line":51,"column":4},"end":{"line":51,"column":30}},"22":{"start":{"line":53,"column":4},"end":{"line":53,"column":21}},"23":{"start":{"line":63,"column":0},"end":{"line":70,"column":3}},"24":{"start":{"line":64,"column":2},"end":{"line":69,"column":3}},"25":{"start":{"line":65,"column":17},"end":{"line":65,"column":53}},"26":{"start":{"line":66,"column":4},"end":{"line":66,"column":48}},"27":{"start":{"line":68,"column":4},"end":{"line":68,"column":21}},"28":{"start":{"line":73,"column":0},"end":{"line":73,"column":24}}},"fnMap":{"0":{"name":"(anonymous_0)","decl":{"start":{"line":23,"column":39},"end":{"line":23,"column":40}},"loc":{"start":{"line":23,"column":71},"end":{"line":30,"column":1}},"line":23},"1":{"name":"(anonymous_1)","decl":{"start":{"line":42,"column":44},"end":{"line":42,"column":45}},"loc":{"start":{"line":42,"column":76},"end":{"line":55,"column":1}},"line":42},"2":{"name":"(anonymous_2)","decl":{"start":{"line":46,"column":40},"end":{"line":46,"column":41}},"loc":{"start":{"line":46,"column":45},"end":{"line":46,"column":52}},"line":46},"3":{"name":"(anonymous_3)","decl":{"start":{"line":63,"column":45},"end":{"line":63,"column":46}},"loc":{"start":{"line":63,"column":77},"end":{"line":70,"column":1}},"line":63}},"branchMap":{"0":{"loc":{"start":{"line":45,"column":4},"end":{"line":48,"column":5}},"type":"if","locations":[{"start":{"line":45,"column":4},"end":{"line":48,"column":5}},{"start":{},"end":{}}],"line":45}},"s":{"0":6,"1":6,"2":6,"3":6,"4":6,"5":6,"6":6,"7":6,"8":6,"9":3,"10":3,"11":2,"12":1,"13":6,"14":3,"15":3,"16":3,"17":1,"18":1,"19":1,"20":2,"21":2,"22":1,"23":6,"24":1,"25":1,"26":1,"27":0,"28":6},"f":{"0":3,"1":3,"2":1,"3":1},"b":{"0":[1,2]},"_coverageSchema":"1a1c01bbd47fc00a2c39e90264f33305004495a9","hash":"05a0a487a5b11bfeafcdd0b4225d0c07c2dc41ab"}
,"/home/mcampbell/Springboard/Capstone_2/trading-post/backend/routes/wantList.js": {"path":"/home/mcampbell/Springboard/Capstone_2/trading-post/backend/routes/wantList.js","statementMap":{"0":{"start":{"line":5,"column":19},"end":{"line":5,"column":40}},"1":{"start":{"line":7,"column":16},"end":{"line":7,"column":34}},"2":{"start":{"line":8,"column":46},"end":{"line":8,"column":75}},"3":{"start":{"line":9,"column":28},"end":{"line":9,"column":54}},"4":{"start":{"line":10,"column":17},"end":{"line":10,"column":46}},"5":{"start":{"line":11,"column":32},"end":{"line":11,"column":76}},"6":{"start":{"line":12,"column":35},"end":{"line":12,"column":82}},"7":{"start":{"line":14,"column":15},"end":{"line":14,"column":31}},"8":{"start":{"line":22,"column":0},"end":{"line":29,"column":4}},"9":{"start":{"line":23,"column":4},"end":{"line":28,"column":5}},"10":{"start":{"line":24,"column":20},"end":{"line":24,"column":65}},"11":{"start":{"line":25,"column":6},"end":{"line":25,"column":62}},"12":{"start":{"line":27,"column":6},"end":{"line":27,"column":23}},"13":{"start":{"line":37,"column":0},"end":{"line":51,"column":2}},"14":{"start":{"line":38,"column":4},"end":{"line":50,"column":5}},"15":{"start":{"line":39,"column":26},"end":{"line":39,"column":80}},"16":{"start":{"line":41,"column":8},"end":{"line":44,"column":9}},"17":{"start":{"line":42,"column":25},"end":{"line":42,"column":59}},"18":{"start":{"line":42,"column":51},"end":{"line":42,"column":58}},"19":{"start":{"line":43,"column":12},"end":{"line":43,"column":44}},"20":{"start":{"line":46,"column":24},"end":{"line":46,"column":100}},"21":{"start":{"line":47,"column":8},"end":{"line":47,"column":36}},"22":{"start":{"line":49,"column":8},"end":{"line":49,"column":25}},"23":{"start":{"line":63,"column":0},"end":{"line":78,"column":3}},"24":{"start":{"line":64,"column":4},"end":{"line":77,"column":5}},"25":{"start":{"line":65,"column":33},"end":{"line":65,"column":43}},"26":{"start":{"line":66,"column":26},"end":{"line":66,"column":88}},"27":{"start":{"line":68,"column":8},"end":{"line":71,"column":9}},"28":{"start":{"line":69,"column":25},"end":{"line":69,"column":59}},"29":{"start":{"line":69,"column":51},"end":{"line":69,"column":58}},"30":{"start":{"line":70,"column":12},"end":{"line":70,"column":44}},"31":{"start":{"line":73,"column":21},"end":{"line":73,"column":82}},"32":{"start":{"line":74,"column":8},"end":{"line":74,"column":34}},"33":{"start":{"line":76,"column":8},"end":{"line":76,"column":25}},"34":{"start":{"line":87,"column":0},"end":{"line":95,"column":3}},"35":{"start":{"line":88,"column":4},"end":{"line":94,"column":5}},"36":{"start":{"line":89,"column":33},"end":{"line":89,"column":43}},"37":{"start":{"line":90,"column":24},"end":{"line":90,"column":77}},"38":{"start":{"line":91,"column":8},"end":{"line":91,"column":37}},"39":{"start":{"line":93,"column":8},"end":{"line":93,"column":25}},"40":{"start":{"line":97,"column":0},"end":{"line":97,"column":24}}},"fnMap":{"0":{"name":"(anonymous_0)","decl":{"start":{"line":22,"column":39},"end":{"line":22,"column":40}},"loc":{"start":{"line":22,"column":71},"end":{"line":29,"column":3}},"line":22},"1":{"name":"(anonymous_1)","decl":{"start":{"line":37,"column":51},"end":{"line":37,"column":52}},"loc":{"start":{"line":37,"column":83},"end":{"line":51,"column":1}},"line":37},"2":{"name":"(anonymous_2)","decl":{"start":{"line":42,"column":46},"end":{"line":42,"column":47}},"loc":{"start":{"line":42,"column":51},"end":{"line":42,"column":58}},"line":42},"3":{"name":"(anonymous_3)","decl":{"start":{"line":63,"column":58},"end":{"line":63,"column":59}},"loc":{"start":{"line":63,"column":90},"end":{"line":78,"column":1}},"line":63},"4":{"name":"(anonymous_4)","decl":{"start":{"line":69,"column":46},"end":{"line":69,"column":47}},"loc":{"start":{"line":69,"column":51},"end":{"line":69,"column":58}},"line":69},"5":{"name":"(anonymous_5)","decl":{"start":{"line":87,"column":60},"end":{"line":87,"column":61}},"loc":{"start":{"line":87,"column":92},"end":{"line":95,"column":1}},"line":87}},"branchMap":{"0":{"loc":{"start":{"line":41,"column":8},"end":{"line":44,"column":9}},"type":"if","locations":[{"start":{"line":41,"column":8},"end":{"line":44,"column":9}},{"start":{},"end":{}}],"line":41},"1":{"loc":{"start":{"line":68,"column":8},"end":{"line":71,"column":9}},"type":"if","locations":[{"start":{"line":68,"column":8},"end":{"line":71,"column":9}},{"start":{},"end":{}}],"line":68}},"s":{"0":6,"1":6,"2":6,"3":6,"4":6,"5":6,"6":6,"7":6,"8":6,"9":3,"10":3,"11":2,"12":1,"13":6,"14":3,"15":3,"16":3,"17":1,"18":2,"19":1,"20":2,"21":1,"22":2,"23":6,"24":4,"25":4,"26":4,"27":4,"28":1,"29":2,"30":1,"31":3,"32":2,"33":2,"34":6,"35":1,"36":1,"37":1,"38":1,"39":0,"40":6},"f":{"0":3,"1":3,"2":2,"3":4,"4":2,"5":1},"b":{"0":[1,2],"1":[1,3]},"_coverageSchema":"1a1c01bbd47fc00a2c39e90264f33305004495a9","hash":"25f1f3576ade2fbf762cb83f379421c8ce327776"}
}
