TN:
SF:app.js
FN:32,(anonymous_0)
FN:38,(anonymous_1)
FNF:2
FNH:2
FNDA:2,(anonymous_0)
FNDA:24,(anonymous_1)
DA:5,5
DA:6,5
DA:8,5
DA:10,5
DA:11,5
DA:12,5
DA:13,5
DA:14,5
DA:16,5
DA:18,5
DA:20,5
DA:21,5
DA:22,5
DA:23,5
DA:25,5
DA:26,5
DA:27,5
DA:28,5
DA:32,5
DA:33,2
DA:34,2
DA:38,5
DA:39,24
DA:40,24
DA:41,24
DA:43,24
DA:48,5
LF:27
LH:27
BRDA:39,0,0,1
BRDA:39,0,1,23
BRDA:40,1,0,24
BRDA:40,1,1,0
BRF:4
BRH:3
end_of_record
TN:
SF:config.js
FN:13,getDatabaseUri
FNF:1
FNH:1
FNDA:12,getDatabaseUri
DA:5,12
DA:6,12
DA:8,12
DA:10,12
DA:14,12
DA:20,12
DA:32,12
LF:7
LH:7
BRDA:8,0,0,12
BRDA:8,0,1,11
BRDA:10,1,0,12
BRDA:10,1,1,11
BRDA:14,2,0,10
BRDA:14,2,1,2
BRDA:16,3,0,2
BRDA:16,3,1,1
BRDA:20,4,0,11
BRDA:20,4,1,1
BRF:10
BRH:10
end_of_record
TN:
SF:db.js
FNF:0
FNH:0
DA:3,9
DA:4,9
DA:8,9
DA:9,0
DA:16,9
DA:21,9
DA:23,9
LF:7
LH:6
BRDA:8,0,0,0
BRDA:8,0,1,9
BRF:2
BRH:1
end_of_record
TN:
SF:expressError.js
FN:8,(anonymous_0)
FN:18,(anonymous_1)
FN:26,(anonymous_2)
FN:34,(anonymous_3)
FN:42,(anonymous_4)
FNF:5
FNH:4
FNDA:47,(anonymous_0)
FNDA:19,(anonymous_1)
FNDA:16,(anonymous_2)
FNDA:12,(anonymous_3)
FNDA:0,(anonymous_4)
DA:9,47
DA:10,47
DA:11,47
DA:19,19
DA:27,16
DA:35,12
DA:43,0
DA:47,11
LF:8
LH:7
BRDA:18,0,0,2
BRDA:26,1,0,12
BRDA:34,2,0,0
BRDA:42,3,0,0
BRF:4
BRH:2
end_of_record
TN:
SF:helpers/sql.js
FN:20,sqlForPartialUpdate
FN:25,(anonymous_1)
FNF:2
FNH:2
FNDA:10,sqlForPartialUpdate
FNDA:11,(anonymous_1)
DA:1,9
DA:21,10
DA:22,10
DA:25,9
DA:26,11
DA:29,9
DA:35,9
LF:7
LH:7
BRDA:22,0,0,1
BRDA:22,0,1,9
BRDA:26,1,0,11
BRDA:26,1,1,9
BRF:4
BRH:4
end_of_record
TN:
SF:helpers/tokens.js
FN:6,createToken
FNF:1
FNH:1
FNDA:11,createToken
DA:1,6
DA:2,6
DA:8,11
DA:13,11
DA:16,6
LF:5
LH:5
BRF:0
BRH:0
end_of_record
TN:
SF:middleware/auth.js
FN:18,authenticateJWT
FN:36,ensureLoggedIn
FN:51,ensureCorrectUser
FNF:3
FNH:3
FNDA:39,authenticateJWT
FNDA:6,ensureLoggedIn
FNDA:19,ensureCorrectUser
DA:5,6
DA:6,6
DA:7,6
DA:19,39
DA:20,39
DA:21,39
DA:22,19
DA:23,19
DA:25,38
DA:27,1
DA:37,6
DA:38,6
DA:39,4
DA:41,2
DA:52,19
DA:53,19
DA:54,19
DA:55,10
DA:57,9
DA:59,10
DA:63,6
LF:21
LH:21
BRDA:20,0,0,39
BRDA:20,0,1,38
BRDA:21,1,0,19
BRDA:21,1,1,20
BRDA:38,2,0,2
BRDA:38,2,1,4
BRDA:54,3,0,10
BRDA:54,3,1,9
BRDA:54,4,0,19
BRDA:54,4,1,14
BRF:10
BRH:10
end_of_record
TN:
SF:models/_testCommon.js
FN:6,(anonymous_0)
FN:65,commonBeforeAll
FN:153,commonBeforeEach
FN:157,commonAfterEach
FN:161,commonAfterAll
FNF:5
FNH:5
FNDA:8,(anonymous_0)
FNDA:4,commonBeforeAll
FNDA:42,commonBeforeEach
FNDA:42,commonAfterEach
FNDA:4,commonAfterAll
DA:1,4
DA:2,4
DA:3,4
DA:6,4
DA:7,8
DA:36,8
DA:61,8
DA:67,4
DA:68,4
DA:69,4
DA:70,4
DA:71,4
DA:73,4
DA:98,4
DA:123,4
DA:124,4
DA:126,4
DA:133,4
DA:140,4
DA:146,4
DA:154,42
DA:158,42
DA:162,4
DA:166,4
LF:24
LH:24
BRF:0
BRH:0
end_of_record
TN:
SF:models/card.js
FN:13,(anonymous_0)
FN:29,(anonymous_1)
FNF:2
FNH:2
FNDA:2,(anonymous_0)
FNDA:4,(anonymous_1)
DA:3,6
DA:4,6
DA:14,2
DA:20,2
DA:30,4
DA:36,4
DA:38,2
DA:42,6
LF:8
LH:8
BRDA:36,0,0,2
BRDA:36,0,1,2
BRF:2
BRH:2
end_of_record
TN:
SF:models/cardCollection.js
FN:20,(anonymous_0)
FN:41,(anonymous_1)
FN:67,(anonymous_2)
FN:94,(anonymous_3)
FN:128,(anonymous_4)
FNF:5
FNH:5
FNDA:6,(anonymous_0)
FNDA:2,(anonymous_1)
FNDA:8,(anonymous_2)
FNDA:5,(anonymous_3)
FNDA:2,(anonymous_4)
DA:3,6
DA:4,6
DA:9,6
DA:21,6
DA:23,6
DA:25,5
DA:31,5
DA:42,2
DA:44,2
DA:46,2
DA:48,2
DA:50,1
DA:55,1
DA:57,1
DA:69,8
DA:71,8
DA:73,7
DA:75,7
DA:77,6
DA:83,6
DA:95,5
DA:96,4
DA:98,3
DA:99,3
DA:101,1
DA:102,1
DA:105,1
DA:110,1
DA:111,1
DA:113,1
DA:117,1
DA:119,1
DA:130,2
DA:135,2
DA:139,6
LF:35
LH:35
BRDA:23,0,0,1
BRDA:23,0,1,5
BRDA:44,1,0,0
BRDA:44,1,1,2
BRDA:48,2,0,1
BRDA:48,2,1,1
BRDA:55,3,0,0
BRDA:55,3,1,1
BRDA:71,4,0,1
BRDA:71,4,1,7
BRDA:75,5,0,1
BRDA:75,5,1,6
BRDA:95,6,0,1
BRDA:95,6,1,4
BRDA:96,7,0,1
BRDA:96,7,1,3
BRDA:99,8,0,2
BRDA:99,8,1,1
BRDA:102,9,0,0
BRDA:102,9,1,1
BRF:20
BRH:17
end_of_record
TN:
SF:models/user.js
FN:24,(anonymous_0)
FN:54,(anonymous_1)
FN:96,(anonymous_2)
FN:130,(anonymous_3)
FN:155,(anonymous_4)
FNF:5
FNH:5
FNDA:7,(anonymous_0)
FNDA:8,(anonymous_1)
FNDA:5,(anonymous_2)
FNDA:6,(anonymous_3)
FNDA:3,(anonymous_4)
DA:3,6
DA:4,6
DA:5,6
DA:10,6
DA:12,6
DA:26,7
DA:33,7
DA:35,7
DA:37,4
DA:38,4
DA:39,3
DA:40,3
DA:44,4
DA:55,8
DA:62,8
DA:63,1
DA:66,7
DA:69,7
DA:71,7
DA:72,7
DA:73,7
DA:74,7
DA:76,7
DA:83,7
DA:85,7
DA:97,5
DA:104,5
DA:106,5
DA:110,3
DA:131,6
DA:132,2
DA:135,6
DA:136,5
DA:138,5
DA:144,5
DA:145,5
DA:147,5
DA:149,4
DA:150,4
DA:156,3
DA:163,3
DA:165,3
DA:167,2
DA:172,6
LF:44
LH:44
BRDA:35,0,0,4
BRDA:35,0,1,3
BRDA:38,1,0,3
BRDA:38,1,1,1
BRDA:62,2,0,1
BRDA:62,2,1,7
BRDA:106,3,0,2
BRDA:106,3,1,3
BRDA:131,4,0,2
BRDA:131,4,1,4
BRDA:147,5,0,1
BRDA:147,5,1,4
BRDA:165,6,0,1
BRDA:165,6,1,2
BRF:14
BRH:14
end_of_record
TN:
SF:models/wantList.js
FN:21,(anonymous_0)
FN:42,(anonymous_1)
FN:68,(anonymous_2)
FN:95,(anonymous_3)
FN:125,(anonymous_4)
FNF:5
FNH:5
FNDA:5,(anonymous_0)
FNDA:2,(anonymous_1)
FNDA:2,(anonymous_2)
FNDA:5,(anonymous_3)
FNDA:1,(anonymous_4)
DA:3,1
DA:8,1
DA:10,1
DA:22,5
DA:24,5
DA:26,4
DA:32,4
DA:43,2
DA:45,2
DA:47,2
DA:49,2
DA:51,1
DA:56,1
DA:58,1
DA:70,2
DA:72,2
DA:74,1
DA:76,1
DA:78,1
DA:84,1
DA:96,5
DA:97,4
DA:99,3
DA:100,3
DA:102,2
DA:103,2
DA:106,1
DA:107,1
DA:108,1
DA:110,1
DA:114,1
DA:116,1
DA:127,1
DA:132,1
DA:136,1
LF:35
LH:35
BRDA:24,0,0,1
BRDA:24,0,1,4
BRDA:45,1,0,0
BRDA:45,1,1,2
BRDA:49,2,0,1
BRDA:49,2,1,1
BRDA:56,3,0,0
BRDA:56,3,1,1
BRDA:72,4,0,1
BRDA:72,4,1,1
BRDA:76,5,0,0
BRDA:76,5,1,1
BRDA:96,6,0,1
BRDA:96,6,1,4
BRDA:97,7,0,1
BRDA:97,7,1,3
BRDA:100,8,0,1
BRDA:100,8,1,2
BRDA:103,9,0,1
BRDA:103,9,1,1
BRF:20
BRH:17
end_of_record
TN:
SF:routes/_testCommon.js
FN:13,commonBeforeAll
FN:127,commonBeforeEach
FN:131,commonAfterEach
FN:135,commonAfterAll
FNF:4
FNH:4
FNDA:4,commonBeforeAll
FNDA:34,commonBeforeEach
FNDA:34,commonAfterEach
FNDA:4,commonAfterAll
DA:3,4
DA:4,4
DA:5,4
DA:6,4
DA:7,4
DA:8,4
DA:14,4
DA:16,4
DA:17,4
DA:18,4
DA:19,4
DA:21,4
DA:46,4
DA:75,4
DA:100,4
DA:102,4
DA:109,4
DA:115,4
DA:124,4
DA:128,34
DA:132,34
DA:136,4
DA:139,4
DA:140,4
DA:142,4
LF:25
LH:25
BRF:0
BRH:0
end_of_record
TN:
SF:routes/auth.js
FN:23,(anonymous_0)
FN:28,(anonymous_1)
FN:51,(anonymous_2)
FN:55,(anonymous_3)
FNF:4
FNH:4
FNDA:5,(anonymous_0)
FNDA:2,(anonymous_1)
FNDA:3,(anonymous_2)
FNDA:4,(anonymous_3)
DA:5,5
DA:7,5
DA:8,5
DA:9,5
DA:10,5
DA:11,5
DA:12,5
DA:13,5
DA:23,5
DA:24,5
DA:25,5
DA:27,5
DA:28,2
DA:29,2
DA:32,3
DA:33,3
DA:34,1
DA:36,1
DA:38,4
DA:51,5
DA:52,3
DA:53,3
DA:54,3
DA:55,4
DA:56,2
DA:59,1
DA:60,1
DA:61,1
DA:63,2
DA:68,5
LF:30
LH:30
BRDA:27,0,0,2
BRDA:27,0,1,3
BRDA:54,1,0,2
BRDA:54,1,1,1
BRF:4
BRH:4
end_of_record
TN:
SF:routes/cardCollection.js
FN:21,(anonymous_0)
FN:36,(anonymous_1)
FN:41,(anonymous_2)
FN:84,(anonymous_3)
FNF:4
FNH:4
FNDA:1,(anonymous_0)
FNDA:3,(anonymous_1)
FNDA:4,(anonymous_2)
FNDA:1,(anonymous_3)
DA:5,5
DA:7,5
DA:8,5
DA:9,5
DA:10,5
DA:11,5
DA:13,5
DA:21,5
DA:22,1
DA:23,1
DA:24,1
DA:26,0
DA:36,5
DA:37,3
DA:38,3
DA:40,3
DA:41,4
DA:42,1
DA:45,2
DA:46,1
DA:48,2
DA:84,5
DA:85,1
DA:86,1
DA:87,1
DA:89,0
DA:93,5
LF:27
LH:25
BRDA:40,0,0,1
BRDA:40,0,1,2
BRF:2
BRH:2
end_of_record
TN:
SF:routes/cards.js
FN:19,(anonymous_0)
FN:37,(anonymous_1)
FNF:2
FNH:2
FNDA:1,(anonymous_0)
FNDA:2,(anonymous_1)
DA:6,5
DA:8,5
DA:9,5
DA:11,5
DA:19,5
DA:20,1
DA:21,1
DA:22,1
DA:24,0
DA:37,5
DA:38,2
DA:39,2
DA:40,1
DA:42,1
DA:46,5
LF:15
LH:14
BRF:0
BRH:0
end_of_record
TN:
SF:routes/users.js
FN:23,(anonymous_0)
FN:42,(anonymous_1)
FN:46,(anonymous_2)
FN:63,(anonymous_3)
FNF:4
FNH:4
FNDA:3,(anonymous_0)
FNDA:3,(anonymous_1)
FNDA:1,(anonymous_2)
FNDA:1,(anonymous_3)
DA:5,5
DA:7,5
DA:8,5
DA:9,5
DA:10,5
DA:11,5
DA:12,5
DA:14,5
DA:23,5
DA:24,3
DA:25,3
DA:26,2
DA:28,1
DA:42,5
DA:43,3
DA:44,3
DA:45,3
DA:46,1
DA:47,1
DA:50,2
DA:51,2
DA:53,1
DA:63,5
DA:64,1
DA:65,1
DA:66,1
DA:68,0
DA:73,5
LF:28
LH:27
BRDA:45,0,0,1
BRDA:45,0,1,2
BRF:2
BRH:2
end_of_record
