TN:
SF:app.js
FN:34,(anonymous_0)
FN:40,(anonymous_1)
FNF:2
FNH:2
FNDA:2,(anonymous_0)
FNDA:43,(anonymous_1)
DA:5,6
DA:6,6
DA:8,6
DA:10,6
DA:11,6
DA:12,6
DA:13,6
DA:14,6
DA:15,6
DA:17,6
DA:19,6
DA:21,6
DA:22,6
DA:23,6
DA:24,6
DA:26,6
DA:27,6
DA:28,6
DA:29,6
DA:30,6
DA:34,6
DA:35,2
DA:36,2
DA:40,6
DA:41,43
DA:42,43
DA:43,43
DA:45,43
DA:50,6
LF:29
LH:29
BRDA:41,0,0,1
BRDA:41,0,1,42
BRDA:42,1,0,43
BRDA:42,1,1,0
BRF:4
BRH:3
end_of_record
TN:
SF:config.js
FN:13,getDatabaseUri
FNF:1
FNH:1
FNDA:13,getDatabaseUri
DA:5,13
DA:6,13
DA:8,13
DA:10,13
DA:14,13
DA:20,13
DA:32,13
LF:7
LH:7
BRDA:8,0,0,13
BRDA:8,0,1,12
BRDA:10,1,0,13
BRDA:10,1,1,12
BRDA:14,2,0,11
BRDA:14,2,1,2
BRDA:16,3,0,2
BRDA:16,3,1,1
BRDA:20,4,0,12
BRDA:20,4,1,1
BRF:10
BRH:10
end_of_record
TN:
SF:db.js
FNF:0
FNH:0
DA:3,10
DA:4,10
DA:8,10
DA:9,0
DA:16,10
DA:21,10
DA:23,10
LF:7
LH:6
BRDA:8,0,0,0
BRDA:8,0,1,10
BRF:2
BRH:1
end_of_record
TN:
SF:expressError.js
FN:8,(anonymous_0)
FN:18,(anonymous_1)
FN:26,(anonymous_2)
FN:34,(anonymous_3)
FN:42,(anonymous_4)
FNF:5
FNH:4
FNDA:70,(anonymous_0)
FNDA:29,(anonymous_1)
FNDA:26,(anonymous_2)
FNDA:15,(anonymous_3)
FNDA:0,(anonymous_4)
DA:9,70
DA:10,70
DA:11,70
DA:19,29
DA:27,26
DA:35,15
DA:43,0
DA:47,12
LF:8
LH:7
BRDA:18,0,0,4
BRDA:26,1,0,22
BRDA:34,2,0,0
BRDA:42,3,0,0
BRF:4
BRH:2
end_of_record
TN:
SF:helpers/sql.js
FN:20,sqlForPartialUpdate
FN:25,(anonymous_1)
FNF:2
FNH:2
FNDA:14,sqlForPartialUpdate
FNDA:20,(anonymous_1)
DA:1,10
DA:21,14
DA:22,14
DA:25,13
DA:26,20
DA:29,13
DA:35,10
LF:7
LH:7
BRDA:22,0,0,1
BRDA:22,0,1,13
BRDA:26,1,0,20
BRDA:26,1,1,17
BRF:4
BRH:4
end_of_record
TN:
SF:helpers/tokens.js
FN:6,createToken
FNF:1
FNH:1
FNDA:13,createToken
DA:1,7
DA:2,7
DA:8,13
DA:13,13
DA:16,7
LF:5
LH:5
BRF:0
BRH:0
end_of_record
TN:
SF:middleware/auth.js
FN:18,authenticateJWT
FN:36,ensureLoggedIn
FN:51,ensureCorrectUser
FNF:3
FNH:3
FNDA:69,authenticateJWT
FNDA:14,ensureLoggedIn
FNDA:39,ensureCorrectUser
DA:5,7
DA:6,7
DA:7,7
DA:19,69
DA:20,69
DA:21,69
DA:22,41
DA:23,41
DA:25,68
DA:27,1
DA:37,14
DA:38,14
DA:39,10
DA:41,4
DA:52,39
DA:53,39
DA:54,39
DA:55,18
DA:57,21
DA:59,18
DA:63,7
LF:21
LH:21
BRDA:20,0,0,69
BRDA:20,0,1,68
BRDA:21,1,0,41
BRDA:21,1,1,28
BRDA:38,2,0,4
BRDA:38,2,1,10
BRDA:54,3,0,18
BRDA:54,3,1,21
BRDA:54,4,0,39
BRDA:54,4,1,30
BRF:10
BRH:10
end_of_record
TN:
SF:models/_testCommon.js
FN:6,(anonymous_0)
FN:67,commonBeforeAll
FN:163,commonBeforeEach
FN:167,commonAfterEach
FN:171,commonAfterAll
FNF:5
FNH:5
FNDA:8,(anonymous_0)
FNDA:4,commonBeforeAll
FNDA:53,commonBeforeEach
FNDA:53,commonAfterEach
FNDA:4,commonAfterAll
DA:1,4
DA:2,4
DA:3,4
DA:6,4
DA:7,8
DA:37,8
DA:63,8
DA:69,4
DA:70,4
DA:71,4
DA:72,4
DA:73,4
DA:75,4
DA:101,4
DA:127,4
DA:128,4
DA:130,4
DA:137,4
DA:144,4
DA:150,4
DA:156,4
DA:164,53
DA:168,53
DA:172,4
DA:176,4
LF:25
LH:25
BRF:0
BRH:0
end_of_record
TN:
SF:models/card.js
FN:12,(anonymous_0)
FN:26,(anonymous_1)
FN:43,(anonymous_2)
FNF:3
FNH:3
FNDA:4,(anonymous_0)
FNDA:8,(anonymous_1)
FNDA:4,(anonymous_2)
DA:3,7
DA:4,7
DA:13,4
DA:19,4
DA:27,8
DA:33,8
DA:34,6
DA:44,4
DA:50,4
DA:52,2
DA:56,7
LF:11
LH:11
BRDA:33,0,0,2
BRDA:33,0,1,6
BRDA:50,1,0,2
BRDA:50,1,1,2
BRF:4
BRH:4
end_of_record
TN:
SF:models/cardCollection.js
FN:20,(anonymous_0)
FN:43,(anonymous_1)
FN:66,(anonymous_2)
FN:92,(anonymous_3)
FN:119,(anonymous_4)
FN:160,(anonymous_5)
FNF:6
FNH:6
FNDA:6,(anonymous_0)
FNDA:6,(anonymous_1)
FNDA:3,(anonymous_2)
FNDA:9,(anonymous_3)
FNDA:8,(anonymous_4)
FNDA:2,(anonymous_5)
DA:3,7
DA:4,7
DA:9,7
DA:21,6
DA:23,6
DA:25,5
DA:31,5
DA:33,5
DA:44,6
DA:46,6
DA:48,4
DA:54,4
DA:56,4
DA:67,3
DA:69,3
DA:71,2
DA:73,2
DA:75,1
DA:80,1
DA:82,1
DA:94,9
DA:96,9
DA:98,8
DA:100,8
DA:102,7
DA:108,7
DA:120,8
DA:121,7
DA:123,6
DA:124,6
DA:126,4
DA:127,4
DA:130,3
DA:135,3
DA:136,3
DA:141,3
DA:147,3
DA:151,3
DA:162,2
DA:167,2
DA:171,7
LF:41
LH:41
BRDA:23,0,0,1
BRDA:23,0,1,5
BRDA:46,1,0,2
BRDA:46,1,1,4
BRDA:69,2,0,1
BRDA:69,2,1,2
BRDA:73,3,0,1
BRDA:73,3,1,1
BRDA:80,4,0,0
BRDA:80,4,1,1
BRDA:96,5,0,1
BRDA:96,5,1,8
BRDA:100,6,0,1
BRDA:100,6,1,7
BRDA:120,7,0,1
BRDA:120,7,1,7
BRDA:121,8,0,1
BRDA:121,8,1,6
BRDA:124,9,0,2
BRDA:124,9,1,4
BRDA:127,10,0,1
BRDA:127,10,1,3
BRF:22
BRH:21
end_of_record
TN:
SF:models/user.js
FN:24,(anonymous_0)
FN:54,(anonymous_1)
FN:96,(anonymous_2)
FN:130,(anonymous_3)
FN:155,(anonymous_4)
FNF:5
FNH:5
FNDA:7,(anonymous_0)
FNDA:4,(anonymous_1)
FNDA:5,(anonymous_2)
FNDA:6,(anonymous_3)
FNDA:3,(anonymous_4)
DA:3,7
DA:4,7
DA:5,7
DA:10,7
DA:12,7
DA:26,7
DA:33,7
DA:35,7
DA:37,4
DA:38,4
DA:39,3
DA:40,3
DA:44,4
DA:55,4
DA:62,4
DA:63,1
DA:66,3
DA:69,3
DA:71,3
DA:72,3
DA:73,3
DA:74,3
DA:76,3
DA:83,3
DA:85,3
DA:97,5
DA:104,5
DA:106,5
DA:110,3
DA:131,6
DA:132,2
DA:135,6
DA:136,5
DA:138,5
DA:144,5
DA:145,5
DA:147,5
DA:149,4
DA:150,4
DA:156,3
DA:163,3
DA:165,3
DA:167,2
DA:172,7
LF:44
LH:44
BRDA:35,0,0,4
BRDA:35,0,1,3
BRDA:38,1,0,3
BRDA:38,1,1,1
BRDA:62,2,0,1
BRDA:62,2,1,3
BRDA:106,3,0,2
BRDA:106,3,1,3
BRDA:131,4,0,2
BRDA:131,4,1,4
BRDA:147,5,0,1
BRDA:147,5,1,4
BRDA:165,6,0,1
BRDA:165,6,1,2
BRF:14
BRH:14
end_of_record
TN:
SF:models/wantList.js
FN:21,(anonymous_0)
FN:44,(anonymous_1)
FN:70,(anonymous_2)
FN:97,(anonymous_3)
FN:127,(anonymous_4)
FNF:5
FNH:5
FNDA:8,(anonymous_0)
FNDA:3,(anonymous_1)
FNDA:9,(anonymous_2)
FNDA:8,(anonymous_3)
FNDA:2,(anonymous_4)
DA:3,7
DA:8,7
DA:10,7
DA:22,8
DA:24,8
DA:26,6
DA:32,6
DA:34,6
DA:45,3
DA:47,3
DA:49,2
DA:51,2
DA:53,1
DA:58,1
DA:60,1
DA:72,9
DA:74,9
DA:76,8
DA:78,8
DA:80,7
DA:86,7
DA:98,8
DA:99,7
DA:101,6
DA:102,6
DA:104,5
DA:105,5
DA:108,3
DA:109,3
DA:110,3
DA:112,3
DA:116,3
DA:118,3
DA:129,2
DA:134,2
DA:138,7
LF:36
LH:36
BRDA:24,0,0,2
BRDA:24,0,1,6
BRDA:47,1,0,1
BRDA:47,1,1,2
BRDA:51,2,0,1
BRDA:51,2,1,1
BRDA:58,3,0,0
BRDA:58,3,1,1
BRDA:74,4,0,1
BRDA:74,4,1,8
BRDA:78,5,0,1
BRDA:78,5,1,7
BRDA:98,6,0,1
BRDA:98,6,1,7
BRDA:99,7,0,1
BRDA:99,7,1,6
BRDA:102,8,0,1
BRDA:102,8,1,5
BRDA:105,9,0,2
BRDA:105,9,1,3
BRF:20
BRH:19
end_of_record
TN:
SF:routes/_testCommon.js
FN:11,commonBeforeAll
FN:135,commonBeforeEach
FN:139,commonAfterEach
FN:143,commonAfterAll
FNF:4
FNH:4
FNDA:5,commonBeforeAll
FNDA:64,commonBeforeEach
FNDA:64,commonAfterEach
FNDA:5,commonAfterAll
DA:3,5
DA:4,5
DA:5,5
DA:6,5
DA:7,5
DA:8,5
DA:9,5
DA:12,5
DA:14,5
DA:15,5
DA:16,5
DA:17,5
DA:19,5
DA:45,5
DA:75,5
DA:102,5
DA:104,5
DA:111,5
DA:118,5
DA:127,5
DA:136,64
DA:140,64
DA:144,5
DA:147,5
DA:148,5
DA:150,5
LF:26
LH:26
BRF:0
BRH:0
end_of_record
TN:
SF:routes/auth.js
FN:23,(anonymous_0)
FN:28,(anonymous_1)
FN:51,(anonymous_2)
FN:55,(anonymous_3)
FNF:4
FNH:4
FNDA:5,(anonymous_0)
FNDA:2,(anonymous_1)
FNDA:3,(anonymous_2)
FNDA:4,(anonymous_3)
DA:5,6
DA:7,6
DA:8,6
DA:9,6
DA:10,6
DA:11,6
DA:12,6
DA:13,6
DA:23,6
DA:24,5
DA:25,5
DA:27,5
DA:28,2
DA:29,2
DA:32,3
DA:33,3
DA:34,1
DA:36,1
DA:38,4
DA:51,6
DA:52,3
DA:53,3
DA:54,3
DA:55,4
DA:56,2
DA:59,1
DA:60,1
DA:61,1
DA:63,2
DA:68,6
LF:30
LH:30
BRDA:27,0,0,2
BRDA:27,0,1,3
BRDA:54,1,0,2
BRDA:54,1,1,1
BRF:4
BRH:4
end_of_record
TN:
SF:routes/cardCollection.js
FN:22,(anonymous_0)
FN:37,(anonymous_1)
FN:54,(anonymous_2)
FN:59,(anonymous_3)
FN:80,(anonymous_4)
FN:86,(anonymous_5)
FN:105,(anonymous_6)
FNF:7
FNH:7
FNDA:3,(anonymous_0)
FNDA:1,(anonymous_1)
FNDA:3,(anonymous_2)
FNDA:4,(anonymous_3)
FNDA:4,(anonymous_4)
FNDA:2,(anonymous_5)
FNDA:1,(anonymous_6)
DA:5,6
DA:7,6
DA:8,6
DA:9,6
DA:10,6
DA:11,6
DA:12,6
DA:14,6
DA:22,6
DA:23,3
DA:24,3
DA:25,2
DA:27,1
DA:37,6
DA:38,1
DA:39,1
DA:40,1
DA:42,0
DA:54,6
DA:55,3
DA:56,3
DA:58,3
DA:59,4
DA:60,1
DA:63,2
DA:64,1
DA:66,2
DA:80,6
DA:81,4
DA:82,4
DA:83,4
DA:85,4
DA:86,2
DA:87,1
DA:90,3
DA:92,2
DA:94,2
DA:105,6
DA:106,1
DA:107,1
DA:108,1
DA:110,0
DA:114,6
LF:43
LH:41
BRDA:58,0,0,1
BRDA:58,0,1,2
BRDA:85,1,0,1
BRDA:85,1,1,3
BRF:4
BRH:4
end_of_record
TN:
SF:routes/cards.js
FN:19,(anonymous_0)
FN:40,(anonymous_1)
FNF:2
FNH:2
FNDA:3,(anonymous_0)
FNDA:2,(anonymous_1)
DA:6,6
DA:8,6
DA:9,6
DA:11,6
DA:19,6
DA:20,3
DA:21,3
DA:22,3
DA:23,2
DA:25,2
DA:27,1
DA:40,6
DA:41,2
DA:42,2
DA:43,1
DA:45,1
DA:49,6
LF:17
LH:17
BRDA:22,0,0,2
BRDA:22,0,1,1
BRF:2
BRH:2
end_of_record
TN:
SF:routes/users.js
FN:23,(anonymous_0)
FN:42,(anonymous_1)
FN:46,(anonymous_2)
FN:63,(anonymous_3)
FNF:4
FNH:4
FNDA:3,(anonymous_0)
FNDA:3,(anonymous_1)
FNDA:1,(anonymous_2)
FNDA:1,(anonymous_3)
DA:5,6
DA:7,6
DA:8,6
DA:9,6
DA:10,6
DA:11,6
DA:12,6
DA:14,6
DA:23,6
DA:24,3
DA:25,3
DA:26,2
DA:28,1
DA:42,6
DA:43,3
DA:44,3
DA:45,3
DA:46,1
DA:47,1
DA:50,2
DA:51,2
DA:53,1
DA:63,6
DA:64,1
DA:65,1
DA:66,1
DA:68,0
DA:73,6
LF:28
LH:27
BRDA:45,0,0,1
BRDA:45,0,1,2
BRF:2
BRH:2
end_of_record
TN:
SF:routes/wantList.js
FN:22,(anonymous_0)
FN:37,(anonymous_1)
FN:42,(anonymous_2)
FN:63,(anonymous_3)
FN:69,(anonymous_4)
FN:87,(anonymous_5)
FNF:6
FNH:6
FNDA:3,(anonymous_0)
FNDA:3,(anonymous_1)
FNDA:2,(anonymous_2)
FNDA:4,(anonymous_3)
FNDA:2,(anonymous_4)
FNDA:1,(anonymous_5)
DA:5,6
DA:7,6
DA:8,6
DA:9,6
DA:10,6
DA:11,6
DA:12,6
DA:14,6
DA:22,6
DA:23,3
DA:24,3
DA:25,2
DA:27,1
DA:37,6
DA:38,3
DA:39,3
DA:41,3
DA:42,2
DA:43,1
DA:46,2
DA:47,1
DA:49,2
DA:63,6
DA:64,4
DA:65,4
DA:66,4
DA:68,4
DA:69,2
DA:70,1
DA:73,3
DA:74,2
DA:76,2
DA:87,6
DA:88,1
DA:89,1
DA:90,1
DA:91,1
DA:93,0
DA:97,6
LF:39
LH:38
BRDA:41,0,0,1
BRDA:41,0,1,2
BRDA:68,1,0,1
BRDA:68,1,1,3
BRF:4
BRH:4
end_of_record
